<?xml version="1.0" encoding="UTF-8"?>
<testsuite name="edu.vanderbilt.cs.cyberbull.core.watchlist.WatchListTest" tests="12" skipped="0" failures="0" errors="0" timestamp="2021-08-04T19:18:12" hostname="huntaj-imac.localdomain" time="0.82">
  <properties/>
  <testcase name="getHighestPriceStock()" classname="edu.vanderbilt.cs.cyberbull.core.watchlist.WatchListTest" time="0.348"/>
  <testcase name="getTotalValue()" classname="edu.vanderbilt.cs.cyberbull.core.watchlist.WatchListTest" time="0.175"/>
  <testcase name="remove()" classname="edu.vanderbilt.cs.cyberbull.core.watchlist.WatchListTest" time="0.0"/>
  <testcase name="contains()" classname="edu.vanderbilt.cs.cyberbull.core.watchlist.WatchListTest" time="0.0"/>
  <testcase name="getLowestPriceStock()" classname="edu.vanderbilt.cs.cyberbull.core.watchlist.WatchListTest" time="0.29"/>
  <testcase name="add()" classname="edu.vanderbilt.cs.cyberbull.core.watchlist.WatchListTest" time="0.0"/>
  <testcase name="getId()" classname="edu.vanderbilt.cs.cyberbull.core.watchlist.WatchListTest" time="0.001"/>
  <testcase name="setId()" classname="edu.vanderbilt.cs.cyberbull.core.watchlist.WatchListTest" time="0.001"/>
  <testcase name="setStocks()" classname="edu.vanderbilt.cs.cyberbull.core.watchlist.WatchListTest" time="0.0"/>
  <testcase name="getStocks()" classname="edu.vanderbilt.cs.cyberbull.core.watchlist.WatchListTest" time="0.001"/>
  <testcase name="setTitle()" classname="edu.vanderbilt.cs.cyberbull.core.watchlist.WatchListTest" time="0.0"/>
  <testcase name="getTitle()" classname="edu.vanderbilt.cs.cyberbull.core.watchlist.WatchListTest" time="0.0"/>
  <system-out><![CDATA[15:18:12.465 [Test worker] INFO yahoofinance.quotes.query1v7.QuotesRequest - Sending request: https://query1.finance.yahoo.com/v7/finance/quote?symbols=TSLA
15:18:12.495 [Test worker] DEBUG yahoofinance.Utils - unixToCalendar 1628104690
15:18:12.496 [Test worker] DEBUG yahoofinance.Utils - unixToCalendar 1627315620
15:18:12.496 [Test worker] INFO yahoofinance.quotes.query1v7.QuotesRequest - Sending request: https://query1.finance.yahoo.com/v7/finance/quote?symbols=AAPL
15:18:12.557 [Test worker] DEBUG yahoofinance.Utils - unixToCalendar 1628104692
15:18:12.558 [Test worker] DEBUG yahoofinance.Utils - unixToCalendar 1627403400
15:18:12.558 [Test worker] DEBUG yahoofinance.Utils - unixToCalendar 1628726400
15:18:12.558 [Test worker] INFO yahoofinance.quotes.query1v7.QuotesRequest - Sending request: https://query1.finance.yahoo.com/v7/finance/quote?symbols=AMZN
15:18:12.630 [Test worker] DEBUG yahoofinance.Utils - unixToCalendar 1628104683
15:18:12.630 [Test worker] DEBUG yahoofinance.Utils - unixToCalendar 1627574460
15:18:12.630 [Test worker] INFO yahoofinance.quotes.query1v7.QuotesRequest - Sending request: https://query1.finance.yahoo.com/v7/finance/quote?symbols=TSLA
15:18:12.656 [Test worker] DEBUG yahoofinance.Utils - unixToCalendar 1628104690
15:18:12.656 [Test worker] DEBUG yahoofinance.Utils - unixToCalendar 1627315620
15:18:12.658 [Test worker] INFO yahoofinance.quotes.query1v7.QuotesRequest - Sending request: https://query1.finance.yahoo.com/v7/finance/quote?symbols=AAPL
15:18:12.684 [Test worker] DEBUG yahoofinance.Utils - unixToCalendar 1628104692
15:18:12.684 [Test worker] DEBUG yahoofinance.Utils - unixToCalendar 1627403400
15:18:12.684 [Test worker] DEBUG yahoofinance.Utils - unixToCalendar 1628726400
15:18:12.685 [Test worker] INFO yahoofinance.quotes.query1v7.QuotesRequest - Sending request: https://query1.finance.yahoo.com/v7/finance/quote?symbols=TSLA
15:18:12.712 [Test worker] DEBUG yahoofinance.Utils - unixToCalendar 1628104690
15:18:12.712 [Test worker] DEBUG yahoofinance.Utils - unixToCalendar 1627315620
15:18:12.712 [Test worker] INFO yahoofinance.quotes.query1v7.QuotesRequest - Sending request: https://query1.finance.yahoo.com/v7/finance/quote?symbols=TSLA
15:18:12.752 [Test worker] DEBUG yahoofinance.Utils - unixToCalendar 1628104690
15:18:12.753 [Test worker] DEBUG yahoofinance.Utils - unixToCalendar 1627315620
15:18:12.753 [Test worker] INFO yahoofinance.quotes.query1v7.QuotesRequest - Sending request: https://query1.finance.yahoo.com/v7/finance/quote?symbols=AMZN
15:18:12.812 [Test worker] DEBUG yahoofinance.Utils - unixToCalendar 1628104683
15:18:12.812 [Test worker] DEBUG yahoofinance.Utils - unixToCalendar 1627574460
15:18:12.813 [Test worker] INFO yahoofinance.quotes.query1v7.QuotesRequest - Sending request: https://query1.finance.yahoo.com/v7/finance/quote?symbols=AAPL
15:18:12.838 [Test worker] DEBUG yahoofinance.Utils - unixToCalendar 1628104692
15:18:12.839 [Test worker] DEBUG yahoofinance.Utils - unixToCalendar 1627403400
15:18:12.839 [Test worker] DEBUG yahoofinance.Utils - unixToCalendar 1628726400
15:18:12.839 [Test worker] INFO yahoofinance.quotes.query1v7.QuotesRequest - Sending request: https://query1.finance.yahoo.com/v7/finance/quote?symbols=TSLA
15:18:12.874 [Test worker] DEBUG yahoofinance.Utils - unixToCalendar 1628104690
15:18:12.875 [Test worker] DEBUG yahoofinance.Utils - unixToCalendar 1627315620
15:18:12.875 [Test worker] INFO yahoofinance.quotes.query1v7.QuotesRequest - Sending request: https://query1.finance.yahoo.com/v7/finance/quote?symbols=AMZN
15:18:12.903 [Test worker] DEBUG yahoofinance.Utils - unixToCalendar 1628104683
15:18:12.904 [Test worker] DEBUG yahoofinance.Utils - unixToCalendar 1627574460
15:18:12.905 [Test worker] INFO yahoofinance.quotes.query1v7.QuotesRequest - Sending request: https://query1.finance.yahoo.com/v7/finance/quote?symbols=AAPL
15:18:12.931 [Test worker] DEBUG yahoofinance.Utils - unixToCalendar 1628104692
15:18:12.932 [Test worker] DEBUG yahoofinance.Utils - unixToCalendar 1627403400
15:18:12.932 [Test worker] DEBUG yahoofinance.Utils - unixToCalendar 1628726400
15:18:12.932 [Test worker] INFO yahoofinance.quotes.query1v7.QuotesRequest - Sending request: https://query1.finance.yahoo.com/v7/finance/quote?symbols=TSLA
15:18:12.959 [Test worker] DEBUG yahoofinance.Utils - unixToCalendar 1628104690
15:18:12.959 [Test worker] DEBUG yahoofinance.Utils - unixToCalendar 1627315620
15:18:12.959 [Test worker] INFO yahoofinance.quotes.query1v7.QuotesRequest - Sending request: https://query1.finance.yahoo.com/v7/finance/quote?symbols=AMZN
15:18:12.987 [Test worker] DEBUG yahoofinance.Utils - unixToCalendar 1628104683
15:18:12.987 [Test worker] DEBUG yahoofinance.Utils - unixToCalendar 1627574460
15:18:12.990 [Test worker] INFO yahoofinance.quotes.query1v7.QuotesRequest - Sending request: https://query1.finance.yahoo.com/v7/finance/quote?symbols=TSLA
15:18:13.054 [Test worker] DEBUG yahoofinance.Utils - unixToCalendar 1628104690
15:18:13.055 [Test worker] DEBUG yahoofinance.Utils - unixToCalendar 1627315620
15:18:13.055 [Test worker] INFO yahoofinance.quotes.query1v7.QuotesRequest - Sending request: https://query1.finance.yahoo.com/v7/finance/quote?symbols=AAPL
15:18:13.081 [Test worker] DEBUG yahoofinance.Utils - unixToCalendar 1628104692
15:18:13.082 [Test worker] DEBUG yahoofinance.Utils - unixToCalendar 1627403400
15:18:13.082 [Test worker] DEBUG yahoofinance.Utils - unixToCalendar 1628726400
15:18:13.082 [Test worker] INFO yahoofinance.quotes.query1v7.QuotesRequest - Sending request: https://query1.finance.yahoo.com/v7/finance/quote?symbols=AMZN
15:18:13.108 [Test worker] DEBUG yahoofinance.Utils - unixToCalendar 1628104683
15:18:13.109 [Test worker] DEBUG yahoofinance.Utils - unixToCalendar 1627574460
15:18:13.109 [Test worker] INFO yahoofinance.quotes.query1v7.QuotesRequest - Sending request: https://query1.finance.yahoo.com/v7/finance/quote?symbols=AAPL
15:18:13.135 [Test worker] DEBUG yahoofinance.Utils - unixToCalendar 1628104692
15:18:13.135 [Test worker] DEBUG yahoofinance.Utils - unixToCalendar 1627403400
15:18:13.135 [Test worker] DEBUG yahoofinance.Utils - unixToCalendar 1628726400
15:18:13.136 [Test worker] INFO yahoofinance.quotes.query1v7.QuotesRequest - Sending request: https://query1.finance.yahoo.com/v7/finance/quote?symbols=AAPL
15:18:13.164 [Test worker] DEBUG yahoofinance.Utils - unixToCalendar 1628104692
15:18:13.164 [Test worker] DEBUG yahoofinance.Utils - unixToCalendar 1627403400
15:18:13.164 [Test worker] DEBUG yahoofinance.Utils - unixToCalendar 1628726400
15:18:13.165 [Test worker] INFO yahoofinance.quotes.query1v7.QuotesRequest - Sending request: https://query1.finance.yahoo.com/v7/finance/quote?symbols=TSLA
15:18:13.226 [Test worker] DEBUG yahoofinance.Utils - unixToCalendar 1628104690
15:18:13.227 [Test worker] DEBUG yahoofinance.Utils - unixToCalendar 1627315620
15:18:13.227 [Test worker] INFO yahoofinance.quotes.query1v7.QuotesRequest - Sending request: https://query1.finance.yahoo.com/v7/finance/quote?symbols=AAPL
15:18:13.253 [Test worker] DEBUG yahoofinance.Utils - unixToCalendar 1628104692
15:18:13.254 [Test worker] DEBUG yahoofinance.Utils - unixToCalendar 1627403400
15:18:13.254 [Test worker] DEBUG yahoofinance.Utils - unixToCalendar 1628726400
15:18:13.254 [Test worker] INFO yahoofinance.quotes.query1v7.QuotesRequest - Sending request: https://query1.finance.yahoo.com/v7/finance/quote?symbols=AMZN
15:18:13.280 [Test worker] DEBUG yahoofinance.Utils - unixToCalendar 1628104683
15:18:13.280 [Test worker] DEBUG yahoofinance.Utils - unixToCalendar 1627574460
]]></system-out>
  <system-err><![CDATA[]]></system-err>
</testsuite>
