<?xml version="1.0" encoding="UTF-8"?>
<testsuite name="edu.vanderbilt.cs.cyberbull.core.DashboardTest" tests="9" skipped="0" failures="0" errors="0" timestamp="2021-08-02T01:48:10" hostname="huntaj-imac.localdomain" time="0.049">
  <properties/>
  <testcase name="removeBrokerageAccount()" classname="edu.vanderbilt.cs.cyberbull.core.DashboardTest" time="0.02"/>
  <testcase name="addBrokerageAccount()" classname="edu.vanderbilt.cs.cyberbull.core.DashboardTest" time="0.001"/>
  <testcase name="addRandomBankAccount()" classname="edu.vanderbilt.cs.cyberbull.core.DashboardTest" time="0.002"/>
  <testcase name="addBankAccount()" classname="edu.vanderbilt.cs.cyberbull.core.DashboardTest" time="0.001"/>
  <testcase name="getBrokerageAccountList()" classname="edu.vanderbilt.cs.cyberbull.core.DashboardTest" time="0.002"/>
  <testcase name="getBankAccountList()" classname="edu.vanderbilt.cs.cyberbull.core.DashboardTest" time="0.001"/>
  <testcase name="addRandomBrokerageAccount()" classname="edu.vanderbilt.cs.cyberbull.core.DashboardTest" time="0.001"/>
  <testcase name="removeBankAccount()" classname="edu.vanderbilt.cs.cyberbull.core.DashboardTest" time="0.002"/>
  <testcase name="transfer()" classname="edu.vanderbilt.cs.cyberbull.core.DashboardTest" time="0.012"/>
  <system-out><![CDATA[]]></system-out>
  <system-err><![CDATA[]]></system-err>
</testsuite>
