<?xml version="1.0" encoding="UTF-8"?>
<testsuite name="edu.vanderbilt.cs.cyberbull.core.watchlist.WatchListTest" tests="12" skipped="0" failures="0" errors="0" timestamp="2021-08-04T21:04:50" hostname="huntaj-imac.localdomain" time="3.583">
  <properties/>
  <testcase name="getHighestPriceStock()" classname="edu.vanderbilt.cs.cyberbull.core.watchlist.WatchListTest" time="1.709"/>
  <testcase name="getTotalValue()" classname="edu.vanderbilt.cs.cyberbull.core.watchlist.WatchListTest" time="1.251"/>
  <testcase name="remove()" classname="edu.vanderbilt.cs.cyberbull.core.watchlist.WatchListTest" time="0.0"/>
  <testcase name="contains()" classname="edu.vanderbilt.cs.cyberbull.core.watchlist.WatchListTest" time="0.0"/>
  <testcase name="getLowestPriceStock()" classname="edu.vanderbilt.cs.cyberbull.core.watchlist.WatchListTest" time="0.618"/>
  <testcase name="add()" classname="edu.vanderbilt.cs.cyberbull.core.watchlist.WatchListTest" time="0.0"/>
  <testcase name="getId()" classname="edu.vanderbilt.cs.cyberbull.core.watchlist.WatchListTest" time="0.0"/>
  <testcase name="setId()" classname="edu.vanderbilt.cs.cyberbull.core.watchlist.WatchListTest" time="0.001"/>
  <testcase name="setStocks()" classname="edu.vanderbilt.cs.cyberbull.core.watchlist.WatchListTest" time="0.0"/>
  <testcase name="getStocks()" classname="edu.vanderbilt.cs.cyberbull.core.watchlist.WatchListTest" time="0.0"/>
  <testcase name="setTitle()" classname="edu.vanderbilt.cs.cyberbull.core.watchlist.WatchListTest" time="0.001"/>
  <testcase name="getTitle()" classname="edu.vanderbilt.cs.cyberbull.core.watchlist.WatchListTest" time="0.0"/>
  <system-out><![CDATA[17:04:50.579 [Test worker] INFO yahoofinance.quotes.query1v7.QuotesRequest - Sending request: https://query1.finance.yahoo.com/v7/finance/quote?symbols=TSLA
17:04:50.605 [Test worker] DEBUG yahoofinance.Utils - unixToCalendar 1628107202
17:04:50.605 [Test worker] DEBUG yahoofinance.Utils - unixToCalendar 1627315620
17:04:50.605 [Test worker] INFO yahoofinance.quotes.query1v7.QuotesRequest - Sending request: https://query1.finance.yahoo.com/v7/finance/quote?symbols=AAPL
17:04:50.728 [Test worker] DEBUG yahoofinance.Utils - unixToCalendar 1628107202
17:04:50.729 [Test worker] DEBUG yahoofinance.Utils - unixToCalendar 1627403400
17:04:50.729 [Test worker] DEBUG yahoofinance.Utils - unixToCalendar 1628726400
17:04:50.729 [Test worker] INFO yahoofinance.quotes.query1v7.QuotesRequest - Sending request: https://query1.finance.yahoo.com/v7/finance/quote?symbols=AMZN
17:04:51.177 [Test worker] DEBUG yahoofinance.Utils - unixToCalendar 1628107202
17:04:51.178 [Test worker] DEBUG yahoofinance.Utils - unixToCalendar 1627574460
17:04:51.178 [Test worker] INFO yahoofinance.quotes.query1v7.QuotesRequest - Sending request: https://query1.finance.yahoo.com/v7/finance/quote?symbols=TSLA
17:04:51.222 [Test worker] DEBUG yahoofinance.Utils - unixToCalendar 1628107202
17:04:51.223 [Test worker] DEBUG yahoofinance.Utils - unixToCalendar 1627315620
17:04:51.224 [Test worker] INFO yahoofinance.quotes.query1v7.QuotesRequest - Sending request: https://query1.finance.yahoo.com/v7/finance/quote?symbols=AAPL
17:04:51.259 [Test worker] DEBUG yahoofinance.Utils - unixToCalendar 1628107202
17:04:51.259 [Test worker] DEBUG yahoofinance.Utils - unixToCalendar 1627403400
17:04:51.260 [Test worker] DEBUG yahoofinance.Utils - unixToCalendar 1628726400
17:04:51.260 [Test worker] INFO yahoofinance.quotes.query1v7.QuotesRequest - Sending request: https://query1.finance.yahoo.com/v7/finance/quote?symbols=TSLA
17:04:51.297 [Test worker] DEBUG yahoofinance.Utils - unixToCalendar 1628107202
17:04:51.297 [Test worker] DEBUG yahoofinance.Utils - unixToCalendar 1627315620
17:04:51.297 [Test worker] INFO yahoofinance.quotes.query1v7.QuotesRequest - Sending request: https://query1.finance.yahoo.com/v7/finance/quote?symbols=TSLA
17:04:51.605 [Test worker] DEBUG yahoofinance.Utils - unixToCalendar 1628107202
17:04:51.606 [Test worker] DEBUG yahoofinance.Utils - unixToCalendar 1627315620
17:04:51.606 [Test worker] INFO yahoofinance.quotes.query1v7.QuotesRequest - Sending request: https://query1.finance.yahoo.com/v7/finance/quote?symbols=AMZN
17:04:52.287 [Test worker] DEBUG yahoofinance.Utils - unixToCalendar 1628107202
17:04:52.288 [Test worker] DEBUG yahoofinance.Utils - unixToCalendar 1627574460
17:04:52.289 [Test worker] INFO yahoofinance.quotes.query1v7.QuotesRequest - Sending request: https://query1.finance.yahoo.com/v7/finance/quote?symbols=AAPL
17:04:52.355 [Test worker] DEBUG yahoofinance.Utils - unixToCalendar 1628107202
17:04:52.355 [Test worker] DEBUG yahoofinance.Utils - unixToCalendar 1627403400
17:04:52.355 [Test worker] DEBUG yahoofinance.Utils - unixToCalendar 1628726400
17:04:52.356 [Test worker] INFO yahoofinance.quotes.query1v7.QuotesRequest - Sending request: https://query1.finance.yahoo.com/v7/finance/quote?symbols=TSLA
17:04:52.422 [Test worker] DEBUG yahoofinance.Utils - unixToCalendar 1628107202
17:04:52.422 [Test worker] DEBUG yahoofinance.Utils - unixToCalendar 1627315620
17:04:52.422 [Test worker] INFO yahoofinance.quotes.query1v7.QuotesRequest - Sending request: https://query1.finance.yahoo.com/v7/finance/quote?symbols=AMZN
17:04:53.294 [Test worker] DEBUG yahoofinance.Utils - unixToCalendar 1628107202
17:04:53.294 [Test worker] DEBUG yahoofinance.Utils - unixToCalendar 1627574460
17:04:53.295 [Test worker] INFO yahoofinance.quotes.query1v7.QuotesRequest - Sending request: https://query1.finance.yahoo.com/v7/finance/quote?symbols=AAPL
17:04:53.358 [Test worker] DEBUG yahoofinance.Utils - unixToCalendar 1628107202
17:04:53.358 [Test worker] DEBUG yahoofinance.Utils - unixToCalendar 1627403400
17:04:53.358 [Test worker] DEBUG yahoofinance.Utils - unixToCalendar 1628726400
17:04:53.358 [Test worker] INFO yahoofinance.quotes.query1v7.QuotesRequest - Sending request: https://query1.finance.yahoo.com/v7/finance/quote?symbols=TSLA
17:04:53.418 [Test worker] DEBUG yahoofinance.Utils - unixToCalendar 1628107202
17:04:53.418 [Test worker] DEBUG yahoofinance.Utils - unixToCalendar 1627315620
17:04:53.418 [Test worker] INFO yahoofinance.quotes.query1v7.QuotesRequest - Sending request: https://query1.finance.yahoo.com/v7/finance/quote?symbols=AMZN
17:04:53.539 [Test worker] DEBUG yahoofinance.Utils - unixToCalendar 1628107202
17:04:53.539 [Test worker] DEBUG yahoofinance.Utils - unixToCalendar 1627574460
17:04:53.542 [Test worker] INFO yahoofinance.quotes.query1v7.QuotesRequest - Sending request: https://query1.finance.yahoo.com/v7/finance/quote?symbols=TSLA
17:04:53.896 [Test worker] DEBUG yahoofinance.Utils - unixToCalendar 1628107202
17:04:53.896 [Test worker] DEBUG yahoofinance.Utils - unixToCalendar 1627315620
17:04:53.897 [Test worker] INFO yahoofinance.quotes.query1v7.QuotesRequest - Sending request: https://query1.finance.yahoo.com/v7/finance/quote?symbols=AAPL
17:04:53.921 [Test worker] DEBUG yahoofinance.Utils - unixToCalendar 1628107202
17:04:53.921 [Test worker] DEBUG yahoofinance.Utils - unixToCalendar 1627403400
17:04:53.921 [Test worker] DEBUG yahoofinance.Utils - unixToCalendar 1628726400
17:04:53.921 [Test worker] INFO yahoofinance.quotes.query1v7.QuotesRequest - Sending request: https://query1.finance.yahoo.com/v7/finance/quote?symbols=AMZN
17:04:53.948 [Test worker] DEBUG yahoofinance.Utils - unixToCalendar 1628107202
17:04:53.948 [Test worker] DEBUG yahoofinance.Utils - unixToCalendar 1627574460
17:04:53.949 [Test worker] INFO yahoofinance.quotes.query1v7.QuotesRequest - Sending request: https://query1.finance.yahoo.com/v7/finance/quote?symbols=AAPL
17:04:53.974 [Test worker] DEBUG yahoofinance.Utils - unixToCalendar 1628107202
17:04:53.975 [Test worker] DEBUG yahoofinance.Utils - unixToCalendar 1627403400
17:04:53.975 [Test worker] DEBUG yahoofinance.Utils - unixToCalendar 1628726400
17:04:53.976 [Test worker] INFO yahoofinance.quotes.query1v7.QuotesRequest - Sending request: https://query1.finance.yahoo.com/v7/finance/quote?symbols=AAPL
17:04:54.001 [Test worker] DEBUG yahoofinance.Utils - unixToCalendar 1628107202
17:04:54.001 [Test worker] DEBUG yahoofinance.Utils - unixToCalendar 1627403400
17:04:54.001 [Test worker] DEBUG yahoofinance.Utils - unixToCalendar 1628726400
17:04:54.001 [Test worker] INFO yahoofinance.quotes.query1v7.QuotesRequest - Sending request: https://query1.finance.yahoo.com/v7/finance/quote?symbols=TSLA
17:04:54.069 [Test worker] DEBUG yahoofinance.Utils - unixToCalendar 1628107202
17:04:54.069 [Test worker] DEBUG yahoofinance.Utils - unixToCalendar 1627315620
17:04:54.069 [Test worker] INFO yahoofinance.quotes.query1v7.QuotesRequest - Sending request: https://query1.finance.yahoo.com/v7/finance/quote?symbols=AAPL
17:04:54.132 [Test worker] DEBUG yahoofinance.Utils - unixToCalendar 1628107202
17:04:54.132 [Test worker] DEBUG yahoofinance.Utils - unixToCalendar 1627403400
17:04:54.132 [Test worker] DEBUG yahoofinance.Utils - unixToCalendar 1628726400
17:04:54.132 [Test worker] INFO yahoofinance.quotes.query1v7.QuotesRequest - Sending request: https://query1.finance.yahoo.com/v7/finance/quote?symbols=AMZN
17:04:54.158 [Test worker] DEBUG yahoofinance.Utils - unixToCalendar 1628107202
17:04:54.158 [Test worker] DEBUG yahoofinance.Utils - unixToCalendar 1627574460
]]></system-out>
  <system-err><![CDATA[]]></system-err>
</testsuite>
