<?xml version="1.0" encoding="UTF-8"?>
<testsuite name="edu.vanderbilt.cs.cyberbull.core.watchlist.WatchListTest" tests="12" skipped="0" failures="0" errors="0" timestamp="2021-08-06T22:04:41" hostname="huntaj-imac.localdomain" time="0.582">
  <properties/>
  <testcase name="getHighestPriceStock()" classname="edu.vanderbilt.cs.cyberbull.core.watchlist.WatchListTest" time="0.27"/>
  <testcase name="getTotalValue()" classname="edu.vanderbilt.cs.cyberbull.core.watchlist.WatchListTest" time="0.133"/>
  <testcase name="remove()" classname="edu.vanderbilt.cs.cyberbull.core.watchlist.WatchListTest" time="0.001"/>
  <testcase name="contains()" classname="edu.vanderbilt.cs.cyberbull.core.watchlist.WatchListTest" time="0.001"/>
  <testcase name="getLowestPriceStock()" classname="edu.vanderbilt.cs.cyberbull.core.watchlist.WatchListTest" time="0.17"/>
  <testcase name="add()" classname="edu.vanderbilt.cs.cyberbull.core.watchlist.WatchListTest" time="0.0"/>
  <testcase name="getId()" classname="edu.vanderbilt.cs.cyberbull.core.watchlist.WatchListTest" time="0.001"/>
  <testcase name="setId()" classname="edu.vanderbilt.cs.cyberbull.core.watchlist.WatchListTest" time="0.001"/>
  <testcase name="setStocks()" classname="edu.vanderbilt.cs.cyberbull.core.watchlist.WatchListTest" time="0.001"/>
  <testcase name="getStocks()" classname="edu.vanderbilt.cs.cyberbull.core.watchlist.WatchListTest" time="0.001"/>
  <testcase name="setTitle()" classname="edu.vanderbilt.cs.cyberbull.core.watchlist.WatchListTest" time="0.0"/>
  <testcase name="getTitle()" classname="edu.vanderbilt.cs.cyberbull.core.watchlist.WatchListTest" time="0.001"/>
  <system-out><![CDATA[18:04:41.883 [Test worker] INFO yahoofinance.quotes.query1v7.QuotesRequest - Sending request: https://query1.finance.yahoo.com/v7/finance/quote?symbols=TSLA
18:04:41.901 [Test worker] DEBUG yahoofinance.Utils - unixToCalendar 1628280003
18:04:41.901 [Test worker] DEBUG yahoofinance.Utils - unixToCalendar 1627315620
18:04:41.901 [Test worker] INFO yahoofinance.quotes.query1v7.QuotesRequest - Sending request: https://query1.finance.yahoo.com/v7/finance/quote?symbols=AAPL
18:04:41.922 [Test worker] DEBUG yahoofinance.Utils - unixToCalendar 1628280002
18:04:41.923 [Test worker] DEBUG yahoofinance.Utils - unixToCalendar 1627403400
18:04:41.923 [Test worker] DEBUG yahoofinance.Utils - unixToCalendar 1628726400
18:04:41.924 [Test worker] INFO yahoofinance.quotes.query1v7.QuotesRequest - Sending request: https://query1.finance.yahoo.com/v7/finance/quote?symbols=AMZN
18:04:41.981 [Test worker] DEBUG yahoofinance.Utils - unixToCalendar 1628280002
18:04:41.981 [Test worker] DEBUG yahoofinance.Utils - unixToCalendar 1627574460
18:04:41.982 [Test worker] INFO yahoofinance.quotes.query1v7.QuotesRequest - Sending request: https://query1.finance.yahoo.com/v7/finance/quote?symbols=TSLA
18:04:42.002 [Test worker] DEBUG yahoofinance.Utils - unixToCalendar 1628280003
18:04:42.003 [Test worker] DEBUG yahoofinance.Utils - unixToCalendar 1627315620
18:04:42.004 [Test worker] INFO yahoofinance.quotes.query1v7.QuotesRequest - Sending request: https://query1.finance.yahoo.com/v7/finance/quote?symbols=AAPL
18:04:42.025 [Test worker] DEBUG yahoofinance.Utils - unixToCalendar 1628280002
18:04:42.025 [Test worker] DEBUG yahoofinance.Utils - unixToCalendar 1627403400
18:04:42.025 [Test worker] DEBUG yahoofinance.Utils - unixToCalendar 1628726400
18:04:42.026 [Test worker] INFO yahoofinance.quotes.query1v7.QuotesRequest - Sending request: https://query1.finance.yahoo.com/v7/finance/quote?symbols=TSLA
18:04:42.078 [Test worker] DEBUG yahoofinance.Utils - unixToCalendar 1628280003
18:04:42.078 [Test worker] DEBUG yahoofinance.Utils - unixToCalendar 1627315620
18:04:42.078 [Test worker] INFO yahoofinance.quotes.query1v7.QuotesRequest - Sending request: https://query1.finance.yahoo.com/v7/finance/quote?symbols=TSLA
18:04:42.131 [Test worker] DEBUG yahoofinance.Utils - unixToCalendar 1628280003
18:04:42.131 [Test worker] DEBUG yahoofinance.Utils - unixToCalendar 1627315620
18:04:42.131 [Test worker] INFO yahoofinance.quotes.query1v7.QuotesRequest - Sending request: https://query1.finance.yahoo.com/v7/finance/quote?symbols=AMZN
18:04:42.152 [Test worker] DEBUG yahoofinance.Utils - unixToCalendar 1628280002
18:04:42.152 [Test worker] DEBUG yahoofinance.Utils - unixToCalendar 1627574460
18:04:42.154 [Test worker] INFO yahoofinance.quotes.query1v7.QuotesRequest - Sending request: https://query1.finance.yahoo.com/v7/finance/quote?symbols=AAPL
18:04:42.181 [Test worker] DEBUG yahoofinance.Utils - unixToCalendar 1628280002
18:04:42.181 [Test worker] DEBUG yahoofinance.Utils - unixToCalendar 1627403400
18:04:42.181 [Test worker] DEBUG yahoofinance.Utils - unixToCalendar 1628726400
18:04:42.181 [Test worker] INFO yahoofinance.quotes.query1v7.QuotesRequest - Sending request: https://query1.finance.yahoo.com/v7/finance/quote?symbols=TSLA
18:04:42.202 [Test worker] DEBUG yahoofinance.Utils - unixToCalendar 1628280003
18:04:42.203 [Test worker] DEBUG yahoofinance.Utils - unixToCalendar 1627315620
18:04:42.203 [Test worker] INFO yahoofinance.quotes.query1v7.QuotesRequest - Sending request: https://query1.finance.yahoo.com/v7/finance/quote?symbols=AMZN
18:04:42.224 [Test worker] DEBUG yahoofinance.Utils - unixToCalendar 1628280002
18:04:42.224 [Test worker] DEBUG yahoofinance.Utils - unixToCalendar 1627574460
18:04:42.225 [Test worker] INFO yahoofinance.quotes.query1v7.QuotesRequest - Sending request: https://query1.finance.yahoo.com/v7/finance/quote?symbols=AAPL
18:04:42.244 [Test worker] DEBUG yahoofinance.Utils - unixToCalendar 1628280002
18:04:42.244 [Test worker] DEBUG yahoofinance.Utils - unixToCalendar 1627403400
18:04:42.244 [Test worker] DEBUG yahoofinance.Utils - unixToCalendar 1628726400
18:04:42.245 [Test worker] INFO yahoofinance.quotes.query1v7.QuotesRequest - Sending request: https://query1.finance.yahoo.com/v7/finance/quote?symbols=TSLA
18:04:42.265 [Test worker] DEBUG yahoofinance.Utils - unixToCalendar 1628280003
18:04:42.265 [Test worker] DEBUG yahoofinance.Utils - unixToCalendar 1627315620
18:04:42.266 [Test worker] INFO yahoofinance.quotes.query1v7.QuotesRequest - Sending request: https://query1.finance.yahoo.com/v7/finance/quote?symbols=AMZN
18:04:42.285 [Test worker] DEBUG yahoofinance.Utils - unixToCalendar 1628280002
18:04:42.285 [Test worker] DEBUG yahoofinance.Utils - unixToCalendar 1627574460
18:04:42.289 [Test worker] INFO yahoofinance.quotes.query1v7.QuotesRequest - Sending request: https://query1.finance.yahoo.com/v7/finance/quote?symbols=TSLA
18:04:42.307 [Test worker] DEBUG yahoofinance.Utils - unixToCalendar 1628280003
18:04:42.307 [Test worker] DEBUG yahoofinance.Utils - unixToCalendar 1627315620
18:04:42.307 [Test worker] INFO yahoofinance.quotes.query1v7.QuotesRequest - Sending request: https://query1.finance.yahoo.com/v7/finance/quote?symbols=AAPL
18:04:42.328 [Test worker] DEBUG yahoofinance.Utils - unixToCalendar 1628280002
18:04:42.328 [Test worker] DEBUG yahoofinance.Utils - unixToCalendar 1627403400
18:04:42.328 [Test worker] DEBUG yahoofinance.Utils - unixToCalendar 1628726400
18:04:42.328 [Test worker] INFO yahoofinance.quotes.query1v7.QuotesRequest - Sending request: https://query1.finance.yahoo.com/v7/finance/quote?symbols=AMZN
18:04:42.349 [Test worker] DEBUG yahoofinance.Utils - unixToCalendar 1628280002
18:04:42.349 [Test worker] DEBUG yahoofinance.Utils - unixToCalendar 1627574460
18:04:42.350 [Test worker] INFO yahoofinance.quotes.query1v7.QuotesRequest - Sending request: https://query1.finance.yahoo.com/v7/finance/quote?symbols=AAPL
18:04:42.371 [Test worker] DEBUG yahoofinance.Utils - unixToCalendar 1628280002
18:04:42.371 [Test worker] DEBUG yahoofinance.Utils - unixToCalendar 1627403400
18:04:42.371 [Test worker] DEBUG yahoofinance.Utils - unixToCalendar 1628726400
18:04:42.372 [Test worker] INFO yahoofinance.quotes.query1v7.QuotesRequest - Sending request: https://query1.finance.yahoo.com/v7/finance/quote?symbols=AAPL
18:04:42.392 [Test worker] DEBUG yahoofinance.Utils - unixToCalendar 1628280002
18:04:42.392 [Test worker] DEBUG yahoofinance.Utils - unixToCalendar 1627403400
18:04:42.392 [Test worker] DEBUG yahoofinance.Utils - unixToCalendar 1628726400
18:04:42.392 [Test worker] INFO yahoofinance.quotes.query1v7.QuotesRequest - Sending request: https://query1.finance.yahoo.com/v7/finance/quote?symbols=TSLA
18:04:42.414 [Test worker] DEBUG yahoofinance.Utils - unixToCalendar 1628280003
18:04:42.414 [Test worker] DEBUG yahoofinance.Utils - unixToCalendar 1627315620
18:04:42.415 [Test worker] INFO yahoofinance.quotes.query1v7.QuotesRequest - Sending request: https://query1.finance.yahoo.com/v7/finance/quote?symbols=AAPL
18:04:42.436 [Test worker] DEBUG yahoofinance.Utils - unixToCalendar 1628280002
18:04:42.436 [Test worker] DEBUG yahoofinance.Utils - unixToCalendar 1627403400
18:04:42.436 [Test worker] DEBUG yahoofinance.Utils - unixToCalendar 1628726400
18:04:42.436 [Test worker] INFO yahoofinance.quotes.query1v7.QuotesRequest - Sending request: https://query1.finance.yahoo.com/v7/finance/quote?symbols=AMZN
18:04:42.458 [Test worker] DEBUG yahoofinance.Utils - unixToCalendar 1628280002
18:04:42.458 [Test worker] DEBUG yahoofinance.Utils - unixToCalendar 1627574460
]]></system-out>
  <system-err><![CDATA[]]></system-err>
</testsuite>
