<?xml version="1.0" encoding="UTF-8"?>
<testsuite name="edu.vanderbilt.cs.cyberbull.core.watchlist.WatchListTest" tests="12" skipped="0" failures="0" errors="0" timestamp="2021-08-02T01:06:31" hostname="huntaj-imac.localdomain" time="0.654">
  <properties/>
  <testcase name="getHighestPriceStock()" classname="edu.vanderbilt.cs.cyberbull.core.watchlist.WatchListTest" time="0.239"/>
  <testcase name="getTotalValue()" classname="edu.vanderbilt.cs.cyberbull.core.watchlist.WatchListTest" time="0.16"/>
  <testcase name="remove()" classname="edu.vanderbilt.cs.cyberbull.core.watchlist.WatchListTest" time="0.001"/>
  <testcase name="contains()" classname="edu.vanderbilt.cs.cyberbull.core.watchlist.WatchListTest" time="0.001"/>
  <testcase name="getLowestPriceStock()" classname="edu.vanderbilt.cs.cyberbull.core.watchlist.WatchListTest" time="0.248"/>
  <testcase name="add()" classname="edu.vanderbilt.cs.cyberbull.core.watchlist.WatchListTest" time="0.001"/>
  <testcase name="getId()" classname="edu.vanderbilt.cs.cyberbull.core.watchlist.WatchListTest" time="0.0"/>
  <testcase name="setId()" classname="edu.vanderbilt.cs.cyberbull.core.watchlist.WatchListTest" time="0.0"/>
  <testcase name="setStocks()" classname="edu.vanderbilt.cs.cyberbull.core.watchlist.WatchListTest" time="0.001"/>
  <testcase name="getStocks()" classname="edu.vanderbilt.cs.cyberbull.core.watchlist.WatchListTest" time="0.0"/>
  <testcase name="setTitle()" classname="edu.vanderbilt.cs.cyberbull.core.watchlist.WatchListTest" time="0.0"/>
  <testcase name="getTitle()" classname="edu.vanderbilt.cs.cyberbull.core.watchlist.WatchListTest" time="0.001"/>
  <system-out><![CDATA[21:06:31.523 [Test worker] INFO yahoofinance.quotes.query1v7.QuotesRequest - Sending request: https://query1.finance.yahoo.com/v7/finance/quote?symbols=TSLA
21:06:31.546 [Test worker] DEBUG yahoofinance.Utils - unixToCalendar 1627675203
21:06:31.547 [Test worker] DEBUG yahoofinance.Utils - unixToCalendar 1627315620
21:06:31.547 [Test worker] INFO yahoofinance.quotes.query1v7.QuotesRequest - Sending request: https://query1.finance.yahoo.com/v7/finance/quote?symbols=AAPL
21:06:31.574 [Test worker] DEBUG yahoofinance.Utils - unixToCalendar 1627675202
21:06:31.574 [Test worker] DEBUG yahoofinance.Utils - unixToCalendar 1627403400
21:06:31.575 [Test worker] DEBUG yahoofinance.Utils - unixToCalendar 1628726400
21:06:31.575 [Test worker] INFO yahoofinance.quotes.query1v7.QuotesRequest - Sending request: https://query1.finance.yahoo.com/v7/finance/quote?symbols=AMZN
21:06:31.631 [Test worker] DEBUG yahoofinance.Utils - unixToCalendar 1627675202
21:06:31.631 [Test worker] DEBUG yahoofinance.Utils - unixToCalendar 1627574460
21:06:31.632 [Test worker] INFO yahoofinance.quotes.query1v7.QuotesRequest - Sending request: https://query1.finance.yahoo.com/v7/finance/quote?symbols=TSLA
21:06:31.655 [Test worker] DEBUG yahoofinance.Utils - unixToCalendar 1627675203
21:06:31.656 [Test worker] DEBUG yahoofinance.Utils - unixToCalendar 1627315620
21:06:31.658 [Test worker] INFO yahoofinance.quotes.query1v7.QuotesRequest - Sending request: https://query1.finance.yahoo.com/v7/finance/quote?symbols=AAPL
21:06:31.683 [Test worker] DEBUG yahoofinance.Utils - unixToCalendar 1627675202
21:06:31.683 [Test worker] DEBUG yahoofinance.Utils - unixToCalendar 1627403400
21:06:31.683 [Test worker] DEBUG yahoofinance.Utils - unixToCalendar 1628726400
21:06:31.684 [Test worker] INFO yahoofinance.quotes.query1v7.QuotesRequest - Sending request: https://query1.finance.yahoo.com/v7/finance/quote?symbols=TSLA
21:06:31.709 [Test worker] DEBUG yahoofinance.Utils - unixToCalendar 1627675203
21:06:31.709 [Test worker] DEBUG yahoofinance.Utils - unixToCalendar 1627315620
21:06:31.709 [Test worker] INFO yahoofinance.quotes.query1v7.QuotesRequest - Sending request: https://query1.finance.yahoo.com/v7/finance/quote?symbols=TSLA
21:06:31.733 [Test worker] DEBUG yahoofinance.Utils - unixToCalendar 1627675203
21:06:31.733 [Test worker] DEBUG yahoofinance.Utils - unixToCalendar 1627315620
21:06:31.733 [Test worker] INFO yahoofinance.quotes.query1v7.QuotesRequest - Sending request: https://query1.finance.yahoo.com/v7/finance/quote?symbols=AMZN
21:06:31.759 [Test worker] DEBUG yahoofinance.Utils - unixToCalendar 1627675202
21:06:31.760 [Test worker] DEBUG yahoofinance.Utils - unixToCalendar 1627574460
21:06:31.762 [Test worker] INFO yahoofinance.quotes.query1v7.QuotesRequest - Sending request: https://query1.finance.yahoo.com/v7/finance/quote?symbols=AAPL
21:06:31.794 [Test worker] DEBUG yahoofinance.Utils - unixToCalendar 1627675202
21:06:31.795 [Test worker] DEBUG yahoofinance.Utils - unixToCalendar 1627403400
21:06:31.795 [Test worker] DEBUG yahoofinance.Utils - unixToCalendar 1628726400
21:06:31.795 [Test worker] INFO yahoofinance.quotes.query1v7.QuotesRequest - Sending request: https://query1.finance.yahoo.com/v7/finance/quote?symbols=TSLA
21:06:31.820 [Test worker] DEBUG yahoofinance.Utils - unixToCalendar 1627675203
21:06:31.822 [Test worker] DEBUG yahoofinance.Utils - unixToCalendar 1627315620
21:06:31.823 [Test worker] INFO yahoofinance.quotes.query1v7.QuotesRequest - Sending request: https://query1.finance.yahoo.com/v7/finance/quote?symbols=AMZN
21:06:31.847 [Test worker] DEBUG yahoofinance.Utils - unixToCalendar 1627675202
21:06:31.847 [Test worker] DEBUG yahoofinance.Utils - unixToCalendar 1627574460
21:06:31.849 [Test worker] INFO yahoofinance.quotes.query1v7.QuotesRequest - Sending request: https://query1.finance.yahoo.com/v7/finance/quote?symbols=AAPL
21:06:31.872 [Test worker] DEBUG yahoofinance.Utils - unixToCalendar 1627675202
21:06:31.872 [Test worker] DEBUG yahoofinance.Utils - unixToCalendar 1627403400
21:06:31.873 [Test worker] DEBUG yahoofinance.Utils - unixToCalendar 1628726400
21:06:31.873 [Test worker] INFO yahoofinance.quotes.query1v7.QuotesRequest - Sending request: https://query1.finance.yahoo.com/v7/finance/quote?symbols=TSLA
21:06:31.896 [Test worker] DEBUG yahoofinance.Utils - unixToCalendar 1627675203
21:06:31.896 [Test worker] DEBUG yahoofinance.Utils - unixToCalendar 1627315620
21:06:31.896 [Test worker] INFO yahoofinance.quotes.query1v7.QuotesRequest - Sending request: https://query1.finance.yahoo.com/v7/finance/quote?symbols=AMZN
21:06:31.920 [Test worker] DEBUG yahoofinance.Utils - unixToCalendar 1627675202
21:06:31.920 [Test worker] DEBUG yahoofinance.Utils - unixToCalendar 1627574460
21:06:31.924 [Test worker] INFO yahoofinance.quotes.query1v7.QuotesRequest - Sending request: https://query1.finance.yahoo.com/v7/finance/quote?symbols=TSLA
21:06:31.953 [Test worker] DEBUG yahoofinance.Utils - unixToCalendar 1627675203
21:06:31.953 [Test worker] DEBUG yahoofinance.Utils - unixToCalendar 1627315620
21:06:31.953 [Test worker] INFO yahoofinance.quotes.query1v7.QuotesRequest - Sending request: https://query1.finance.yahoo.com/v7/finance/quote?symbols=AAPL
21:06:31.978 [Test worker] DEBUG yahoofinance.Utils - unixToCalendar 1627675202
21:06:31.978 [Test worker] DEBUG yahoofinance.Utils - unixToCalendar 1627403400
21:06:31.978 [Test worker] DEBUG yahoofinance.Utils - unixToCalendar 1628726400
21:06:31.978 [Test worker] INFO yahoofinance.quotes.query1v7.QuotesRequest - Sending request: https://query1.finance.yahoo.com/v7/finance/quote?symbols=AMZN
21:06:32.002 [Test worker] DEBUG yahoofinance.Utils - unixToCalendar 1627675202
21:06:32.002 [Test worker] DEBUG yahoofinance.Utils - unixToCalendar 1627574460
21:06:32.002 [Test worker] INFO yahoofinance.quotes.query1v7.QuotesRequest - Sending request: https://query1.finance.yahoo.com/v7/finance/quote?symbols=AAPL
21:06:32.035 [Test worker] DEBUG yahoofinance.Utils - unixToCalendar 1627675202
21:06:32.035 [Test worker] DEBUG yahoofinance.Utils - unixToCalendar 1627403400
21:06:32.035 [Test worker] DEBUG yahoofinance.Utils - unixToCalendar 1628726400
21:06:32.036 [Test worker] INFO yahoofinance.quotes.query1v7.QuotesRequest - Sending request: https://query1.finance.yahoo.com/v7/finance/quote?symbols=AAPL
21:06:32.063 [Test worker] DEBUG yahoofinance.Utils - unixToCalendar 1627675202
21:06:32.064 [Test worker] DEBUG yahoofinance.Utils - unixToCalendar 1627403400
21:06:32.064 [Test worker] DEBUG yahoofinance.Utils - unixToCalendar 1628726400
21:06:32.064 [Test worker] INFO yahoofinance.quotes.query1v7.QuotesRequest - Sending request: https://query1.finance.yahoo.com/v7/finance/quote?symbols=TSLA
21:06:32.122 [Test worker] DEBUG yahoofinance.Utils - unixToCalendar 1627675203
21:06:32.122 [Test worker] DEBUG yahoofinance.Utils - unixToCalendar 1627315620
21:06:32.122 [Test worker] INFO yahoofinance.quotes.query1v7.QuotesRequest - Sending request: https://query1.finance.yahoo.com/v7/finance/quote?symbols=AAPL
21:06:32.147 [Test worker] DEBUG yahoofinance.Utils - unixToCalendar 1627675202
21:06:32.147 [Test worker] DEBUG yahoofinance.Utils - unixToCalendar 1627403400
21:06:32.147 [Test worker] DEBUG yahoofinance.Utils - unixToCalendar 1628726400
21:06:32.147 [Test worker] INFO yahoofinance.quotes.query1v7.QuotesRequest - Sending request: https://query1.finance.yahoo.com/v7/finance/quote?symbols=AMZN
21:06:32.171 [Test worker] DEBUG yahoofinance.Utils - unixToCalendar 1627675202
21:06:32.171 [Test worker] DEBUG yahoofinance.Utils - unixToCalendar 1627574460
]]></system-out>
  <system-err><![CDATA[]]></system-err>
</testsuite>
