<?xml version="1.0" encoding="UTF-8"?>
<testsuite name="edu.vanderbilt.cs.cyberbull.CyberbullApplicationTests" tests="1" skipped="0" failures="0" errors="0" timestamp="2021-08-04T18:40:30" hostname="huntaj-imac.localdomain" time="0.609">
  <properties/>
  <testcase name="contextLoads()" classname="edu.vanderbilt.cs.cyberbull.CyberbullApplicationTests" time="0.609"/>
  <system-out><![CDATA[14:40:26.997 [Test worker] DEBUG org.springframework.test.context.BootstrapUtils - Instantiating CacheAwareContextLoaderDelegate from class [org.springframework.test.context.cache.DefaultCacheAwareContextLoaderDelegate]
14:40:27.005 [Test worker] DEBUG org.springframework.test.context.BootstrapUtils - Instantiating BootstrapContext using constructor [public org.springframework.test.context.support.DefaultBootstrapContext(java.lang.Class,org.springframework.test.context.CacheAwareContextLoaderDelegate)]
14:40:27.039 [Test worker] DEBUG org.springframework.test.context.BootstrapUtils - Instantiating TestContextBootstrapper for test class [edu.vanderbilt.cs.cyberbull.CyberbullApplicationTests] from class [org.springframework.boot.test.context.SpringBootTestContextBootstrapper]
14:40:27.055 [Test worker] INFO org.springframework.boot.test.context.SpringBootTestContextBootstrapper - Neither @ContextConfiguration nor @ContextHierarchy found for test class [edu.vanderbilt.cs.cyberbull.CyberbullApplicationTests], using SpringBootContextLoader
14:40:27.058 [Test worker] DEBUG org.springframework.test.context.support.AbstractContextLoader - Did not detect default resource location for test class [edu.vanderbilt.cs.cyberbull.CyberbullApplicationTests]: class path resource [edu/vanderbilt/cs/cyberbull/CyberbullApplicationTests-context.xml] does not exist
14:40:27.059 [Test worker] DEBUG org.springframework.test.context.support.AbstractContextLoader - Did not detect default resource location for test class [edu.vanderbilt.cs.cyberbull.CyberbullApplicationTests]: class path resource [edu/vanderbilt/cs/cyberbull/CyberbullApplicationTestsContext.groovy] does not exist
14:40:27.059 [Test worker] INFO org.springframework.test.context.support.AbstractContextLoader - Could not detect default resource locations for test class [edu.vanderbilt.cs.cyberbull.CyberbullApplicationTests]: no resource found for suffixes {-context.xml, Context.groovy}.
14:40:27.060 [Test worker] INFO org.springframework.test.context.support.AnnotationConfigContextLoaderUtils - Could not detect default configuration classes for test class [edu.vanderbilt.cs.cyberbull.CyberbullApplicationTests]: CyberbullApplicationTests does not declare any static, non-private, non-final, nested classes annotated with @Configuration.
14:40:27.106 [Test worker] DEBUG org.springframework.test.context.support.ActiveProfilesUtils - Could not find an 'annotation declaring class' for annotation type [org.springframework.test.context.ActiveProfiles] and class [edu.vanderbilt.cs.cyberbull.CyberbullApplicationTests]
14:40:27.163 [Test worker] DEBUG org.springframework.context.annotation.ClassPathScanningCandidateComponentProvider - Identified candidate component class: file [/Users/huntaj/dev/cyberbull/build/classes/java/main/edu/vanderbilt/cs/cyberbull/CyberbullApplication.class]
14:40:27.164 [Test worker] INFO org.springframework.boot.test.context.SpringBootTestContextBootstrapper - Found @SpringBootConfiguration edu.vanderbilt.cs.cyberbull.CyberbullApplication for test class edu.vanderbilt.cs.cyberbull.CyberbullApplicationTests
14:40:27.255 [Test worker] DEBUG org.springframework.boot.test.context.SpringBootTestContextBootstrapper - @TestExecutionListeners is not present for class [edu.vanderbilt.cs.cyberbull.CyberbullApplicationTests]: using defaults.
14:40:27.256 [Test worker] INFO org.springframework.boot.test.context.SpringBootTestContextBootstrapper - Loaded default TestExecutionListener class names from location [META-INF/spring.factories]: [org.springframework.boot.test.autoconfigure.restdocs.RestDocsTestExecutionListener, org.springframework.boot.test.autoconfigure.web.client.MockRestServiceServerResetTestExecutionListener, org.springframework.boot.test.autoconfigure.web.servlet.MockMvcPrintOnlyOnFailureTestExecutionListener, org.springframework.boot.test.autoconfigure.web.servlet.WebDriverTestExecutionListener, org.springframework.boot.test.autoconfigure.webservices.client.MockWebServiceServerTestExecutionListener, org.springframework.boot.test.mock.mockito.MockitoTestExecutionListener, org.springframework.boot.test.mock.mockito.ResetMocksTestExecutionListener, org.springframework.test.context.web.ServletTestExecutionListener, org.springframework.test.context.support.DirtiesContextBeforeModesTestExecutionListener, org.springframework.test.context.event.ApplicationEventsTestExecutionListener, org.springframework.test.context.support.DependencyInjectionTestExecutionListener, org.springframework.test.context.support.DirtiesContextTestExecutionListener, org.springframework.test.context.transaction.TransactionalTestExecutionListener, org.springframework.test.context.jdbc.SqlScriptsTestExecutionListener, org.springframework.test.context.event.EventPublishingTestExecutionListener]
14:40:27.271 [Test worker] INFO org.springframework.boot.test.context.SpringBootTestContextBootstrapper - Using TestExecutionListeners: [org.springframework.test.context.web.ServletTestExecutionListener@6f3dcc06, org.springframework.test.context.support.DirtiesContextBeforeModesTestExecutionListener@657a4478, org.springframework.test.context.event.ApplicationEventsTestExecutionListener@7c9acc5a, org.springframework.boot.test.mock.mockito.MockitoTestExecutionListener@cb458f9, org.springframework.boot.test.autoconfigure.SpringBootDependencyInjectionTestExecutionListener@de8e895, org.springframework.test.context.support.DirtiesContextTestExecutionListener@3a8624d4, org.springframework.test.context.transaction.TransactionalTestExecutionListener@10d4d7c2, org.springframework.test.context.jdbc.SqlScriptsTestExecutionListener@3e8936b1, org.springframework.test.context.event.EventPublishingTestExecutionListener@74efddb5, org.springframework.boot.test.autoconfigure.restdocs.RestDocsTestExecutionListener@7fc4e778, org.springframework.boot.test.autoconfigure.web.client.MockRestServiceServerResetTestExecutionListener@49184585, org.springframework.boot.test.autoconfigure.web.servlet.MockMvcPrintOnlyOnFailureTestExecutionListener@3e53dea9, org.springframework.boot.test.autoconfigure.web.servlet.WebDriverTestExecutionListener@34dbbea3, org.springframework.boot.test.autoconfigure.webservices.client.MockWebServiceServerTestExecutionListener@6c7c6067, org.springframework.boot.test.mock.mockito.ResetMocksTestExecutionListener@67433400]
14:40:27.275 [Test worker] DEBUG org.springframework.test.context.support.AbstractDirtiesContextTestExecutionListener - Before test class: context [DefaultTestContext@274d052d testClass = CyberbullApplicationTests, testInstance = [null], testMethod = [null], testException = [null], mergedContextConfiguration = [WebMergedContextConfiguration@47bb5b71 testClass = CyberbullApplicationTests, locations = '{}', classes = '{class edu.vanderbilt.cs.cyberbull.CyberbullApplication}', contextInitializerClasses = '[]', activeProfiles = '{}', propertySourceLocations = '{}', propertySourceProperties = '{org.springframework.boot.test.context.SpringBootTestContextBootstrapper=true}', contextCustomizers = set[org.springframework.boot.test.autoconfigure.actuate.metrics.MetricsExportContextCustomizerFactory$DisableMetricExportContextCustomizer@2ba91eb3, org.springframework.boot.test.autoconfigure.properties.PropertyMappingContextCustomizer@0, org.springframework.boot.test.autoconfigure.web.servlet.WebDriverContextCustomizerFactory$Customizer@3b65c05e, org.springframework.boot.test.context.filter.ExcludeFilterContextCustomizer@6e01ebdd, org.springframework.boot.test.json.DuplicateJsonObjectContextCustomizerFactory$DuplicateJsonObjectContextCustomizer@6bef97e0, org.springframework.boot.test.mock.mockito.MockitoContextCustomizer@0, org.springframework.boot.test.web.client.TestRestTemplateContextCustomizer@7803c4a7, org.springframework.boot.test.context.SpringBootTestArgs@1, org.springframework.boot.test.context.SpringBootTestWebEnvironment@7481d36e], resourceBasePath = 'src/main/webapp', contextLoader = 'org.springframework.boot.test.context.SpringBootContextLoader', parent = [null]], attributes = map['org.springframework.test.context.web.ServletTestExecutionListener.activateListener' -> true]], class annotated with @DirtiesContext [false] with mode [null].
14:40:27.301 [Test worker] DEBUG org.springframework.test.context.support.TestPropertySourceUtils - Adding inlined properties to environment: {spring.jmx.enabled=false, org.springframework.boot.test.context.SpringBootTestContextBootstrapper=true}

  .   ____          _            __ _ _
 /\\ / ___'_ __ _ _(_)_ __  __ _ \ \ \ \
( ( )\___ | '_ | '_| | '_ \/ _` | \ \ \ \
 \\/  ___)| |_)| | | | | || (_| |  ) ) ) )
  '  |____| .__|_| |_|_| |_\__, | / / / /
 =========|_|==============|___/=/_/_/_/
 :: Spring Boot ::                (v2.5.3)

2021-08-04 14:40:27.590  WARN 9252 --- [    Test worker] ory$DuplicateJsonObjectContextCustomizer : 

Found multiple occurrences of org.json.JSONObject on the class path:

	jar:file:/Users/huntaj/.gradle/caches/modules-2/files-2.1/org.json/json/20210307/528c8df3757e8bcf151817b1d7b9b434f6aa08d5/json-20210307.jar!/org/json/JSONObject.class
	jar:file:/Users/huntaj/.gradle/caches/modules-2/files-2.1/com.vaadin.external.google/android-json/0.0.20131108.vaadin1/fa26d351fe62a6a17f5cda1287c1c6110dec413f/android-json-0.0.20131108.vaadin1.jar!/org/json/JSONObject.class

You may wish to exclude one of them to ensure predictable runtime behavior

2021-08-04 14:40:27.605  INFO 9252 --- [    Test worker] e.v.c.c.CyberbullApplicationTests        : Starting CyberbullApplicationTests using Java 15.0.2 on huntaj-imac.localdomain with PID 9252 (started by huntaj in /Users/huntaj/dev/cyberbull)
2021-08-04 14:40:27.607  INFO 9252 --- [    Test worker] e.v.c.c.CyberbullApplicationTests        : No active profile set, falling back to default profiles: default
2021-08-04 14:40:28.342  INFO 9252 --- [    Test worker] .s.d.r.c.RepositoryConfigurationDelegate : Bootstrapping Spring Data JPA repositories in DEFAULT mode.
2021-08-04 14:40:28.371  INFO 9252 --- [    Test worker] .s.d.r.c.RepositoryConfigurationDelegate : Finished Spring Data repository scanning in 21 ms. Found 0 JPA repository interfaces.
2021-08-04 14:40:29.666  INFO 9252 --- [    Test worker] o.s.b.a.w.s.WelcomePageHandlerMapping    : Adding welcome page template: index
2021-08-04 14:40:29.907  INFO 9252 --- [    Test worker] o.s.j.d.e.EmbeddedDatabaseFactory        : Starting embedded database: url='jdbc:h2:mem:65be0bb7-0fa4-4445-afec-bb2501d61e6d;DB_CLOSE_DELAY=-1;DB_CLOSE_ON_EXIT=false', username='sa'
2021-08-04 14:40:30.574  INFO 9252 --- [    Test worker] e.v.c.c.CyberbullApplicationTests        : Started CyberbullApplicationTests in 3.268 seconds (JVM running for 7.553)
]]></system-out>
  <system-err><![CDATA[]]></system-err>
</testsuite>
