<?xml version="1.0" encoding="UTF-8"?>
<testsuite name="edu.vanderbilt.cs.cyberbull.core.watchlist.WatchListTest" tests="12" skipped="0" failures="0" errors="0" timestamp="2021-08-06T02:52:36" hostname="huntaj-imac.localdomain" time="0.841">
  <properties/>
  <testcase name="getHighestPriceStock()" classname="edu.vanderbilt.cs.cyberbull.core.watchlist.WatchListTest" time="0.393"/>
  <testcase name="getTotalValue()" classname="edu.vanderbilt.cs.cyberbull.core.watchlist.WatchListTest" time="0.154"/>
  <testcase name="remove()" classname="edu.vanderbilt.cs.cyberbull.core.watchlist.WatchListTest" time="0.0"/>
  <testcase name="contains()" classname="edu.vanderbilt.cs.cyberbull.core.watchlist.WatchListTest" time="0.0"/>
  <testcase name="getLowestPriceStock()" classname="edu.vanderbilt.cs.cyberbull.core.watchlist.WatchListTest" time="0.283"/>
  <testcase name="add()" classname="edu.vanderbilt.cs.cyberbull.core.watchlist.WatchListTest" time="0.001"/>
  <testcase name="getId()" classname="edu.vanderbilt.cs.cyberbull.core.watchlist.WatchListTest" time="0.001"/>
  <testcase name="setId()" classname="edu.vanderbilt.cs.cyberbull.core.watchlist.WatchListTest" time="0.001"/>
  <testcase name="setStocks()" classname="edu.vanderbilt.cs.cyberbull.core.watchlist.WatchListTest" time="0.001"/>
  <testcase name="getStocks()" classname="edu.vanderbilt.cs.cyberbull.core.watchlist.WatchListTest" time="0.001"/>
  <testcase name="setTitle()" classname="edu.vanderbilt.cs.cyberbull.core.watchlist.WatchListTest" time="0.001"/>
  <testcase name="getTitle()" classname="edu.vanderbilt.cs.cyberbull.core.watchlist.WatchListTest" time="0.001"/>
  <system-out><![CDATA[22:52:36.454 [Test worker] INFO yahoofinance.quotes.query1v7.QuotesRequest - Sending request: https://query1.finance.yahoo.com/v7/finance/quote?symbols=TSLA
22:52:36.485 [Test worker] DEBUG yahoofinance.Utils - unixToCalendar 1628193602
22:52:36.485 [Test worker] DEBUG yahoofinance.Utils - unixToCalendar 1627315620
22:52:36.485 [Test worker] INFO yahoofinance.quotes.query1v7.QuotesRequest - Sending request: https://query1.finance.yahoo.com/v7/finance/quote?symbols=AAPL
22:52:36.544 [Test worker] DEBUG yahoofinance.Utils - unixToCalendar 1628193602
22:52:36.544 [Test worker] DEBUG yahoofinance.Utils - unixToCalendar 1627403400
22:52:36.544 [Test worker] DEBUG yahoofinance.Utils - unixToCalendar 1628726400
22:52:36.544 [Test worker] INFO yahoofinance.quotes.query1v7.QuotesRequest - Sending request: https://query1.finance.yahoo.com/v7/finance/quote?symbols=AMZN
22:52:36.608 [Test worker] DEBUG yahoofinance.Utils - unixToCalendar 1628193602
22:52:36.608 [Test worker] DEBUG yahoofinance.Utils - unixToCalendar 1627574460
22:52:36.608 [Test worker] INFO yahoofinance.quotes.query1v7.QuotesRequest - Sending request: https://query1.finance.yahoo.com/v7/finance/quote?symbols=TSLA
22:52:36.632 [Test worker] DEBUG yahoofinance.Utils - unixToCalendar 1628193602
22:52:36.632 [Test worker] DEBUG yahoofinance.Utils - unixToCalendar 1627315620
22:52:36.634 [Test worker] INFO yahoofinance.quotes.query1v7.QuotesRequest - Sending request: https://query1.finance.yahoo.com/v7/finance/quote?symbols=AAPL
22:52:36.758 [Test worker] DEBUG yahoofinance.Utils - unixToCalendar 1628193602
22:52:36.758 [Test worker] DEBUG yahoofinance.Utils - unixToCalendar 1627403400
22:52:36.758 [Test worker] DEBUG yahoofinance.Utils - unixToCalendar 1628726400
22:52:36.758 [Test worker] INFO yahoofinance.quotes.query1v7.QuotesRequest - Sending request: https://query1.finance.yahoo.com/v7/finance/quote?symbols=TSLA
22:52:36.792 [Test worker] DEBUG yahoofinance.Utils - unixToCalendar 1628193602
22:52:36.792 [Test worker] DEBUG yahoofinance.Utils - unixToCalendar 1627315620
22:52:36.792 [Test worker] INFO yahoofinance.quotes.query1v7.QuotesRequest - Sending request: https://query1.finance.yahoo.com/v7/finance/quote?symbols=TSLA
22:52:36.819 [Test worker] DEBUG yahoofinance.Utils - unixToCalendar 1628193602
22:52:36.819 [Test worker] DEBUG yahoofinance.Utils - unixToCalendar 1627315620
22:52:36.819 [Test worker] INFO yahoofinance.quotes.query1v7.QuotesRequest - Sending request: https://query1.finance.yahoo.com/v7/finance/quote?symbols=AMZN
22:52:36.846 [Test worker] DEBUG yahoofinance.Utils - unixToCalendar 1628193602
22:52:36.846 [Test worker] DEBUG yahoofinance.Utils - unixToCalendar 1627574460
22:52:36.848 [Test worker] INFO yahoofinance.quotes.query1v7.QuotesRequest - Sending request: https://query1.finance.yahoo.com/v7/finance/quote?symbols=AAPL
22:52:36.871 [Test worker] DEBUG yahoofinance.Utils - unixToCalendar 1628193602
22:52:36.872 [Test worker] DEBUG yahoofinance.Utils - unixToCalendar 1627403400
22:52:36.872 [Test worker] DEBUG yahoofinance.Utils - unixToCalendar 1628726400
22:52:36.872 [Test worker] INFO yahoofinance.quotes.query1v7.QuotesRequest - Sending request: https://query1.finance.yahoo.com/v7/finance/quote?symbols=TSLA
22:52:36.898 [Test worker] DEBUG yahoofinance.Utils - unixToCalendar 1628193602
22:52:36.899 [Test worker] DEBUG yahoofinance.Utils - unixToCalendar 1627315620
22:52:36.899 [Test worker] INFO yahoofinance.quotes.query1v7.QuotesRequest - Sending request: https://query1.finance.yahoo.com/v7/finance/quote?symbols=AMZN
22:52:36.923 [Test worker] DEBUG yahoofinance.Utils - unixToCalendar 1628193602
22:52:36.924 [Test worker] DEBUG yahoofinance.Utils - unixToCalendar 1627574460
22:52:36.925 [Test worker] INFO yahoofinance.quotes.query1v7.QuotesRequest - Sending request: https://query1.finance.yahoo.com/v7/finance/quote?symbols=AAPL
22:52:36.951 [Test worker] DEBUG yahoofinance.Utils - unixToCalendar 1628193602
22:52:36.951 [Test worker] DEBUG yahoofinance.Utils - unixToCalendar 1627403400
22:52:36.951 [Test worker] DEBUG yahoofinance.Utils - unixToCalendar 1628726400
22:52:36.951 [Test worker] INFO yahoofinance.quotes.query1v7.QuotesRequest - Sending request: https://query1.finance.yahoo.com/v7/finance/quote?symbols=TSLA
22:52:36.975 [Test worker] DEBUG yahoofinance.Utils - unixToCalendar 1628193602
22:52:36.975 [Test worker] DEBUG yahoofinance.Utils - unixToCalendar 1627315620
22:52:36.976 [Test worker] INFO yahoofinance.quotes.query1v7.QuotesRequest - Sending request: https://query1.finance.yahoo.com/v7/finance/quote?symbols=AMZN
22:52:37.000 [Test worker] DEBUG yahoofinance.Utils - unixToCalendar 1628193602
22:52:37.001 [Test worker] DEBUG yahoofinance.Utils - unixToCalendar 1627574460
22:52:37.004 [Test worker] INFO yahoofinance.quotes.query1v7.QuotesRequest - Sending request: https://query1.finance.yahoo.com/v7/finance/quote?symbols=TSLA
22:52:37.062 [Test worker] DEBUG yahoofinance.Utils - unixToCalendar 1628193602
22:52:37.062 [Test worker] DEBUG yahoofinance.Utils - unixToCalendar 1627315620
22:52:37.063 [Test worker] INFO yahoofinance.quotes.query1v7.QuotesRequest - Sending request: https://query1.finance.yahoo.com/v7/finance/quote?symbols=AAPL
22:52:37.086 [Test worker] DEBUG yahoofinance.Utils - unixToCalendar 1628193602
22:52:37.086 [Test worker] DEBUG yahoofinance.Utils - unixToCalendar 1627403400
22:52:37.087 [Test worker] DEBUG yahoofinance.Utils - unixToCalendar 1628726400
22:52:37.087 [Test worker] INFO yahoofinance.quotes.query1v7.QuotesRequest - Sending request: https://query1.finance.yahoo.com/v7/finance/quote?symbols=AMZN
22:52:37.111 [Test worker] DEBUG yahoofinance.Utils - unixToCalendar 1628193602
22:52:37.111 [Test worker] DEBUG yahoofinance.Utils - unixToCalendar 1627574460
22:52:37.111 [Test worker] INFO yahoofinance.quotes.query1v7.QuotesRequest - Sending request: https://query1.finance.yahoo.com/v7/finance/quote?symbols=AAPL
22:52:37.140 [Test worker] DEBUG yahoofinance.Utils - unixToCalendar 1628193602
22:52:37.140 [Test worker] DEBUG yahoofinance.Utils - unixToCalendar 1627403400
22:52:37.141 [Test worker] DEBUG yahoofinance.Utils - unixToCalendar 1628726400
22:52:37.142 [Test worker] INFO yahoofinance.quotes.query1v7.QuotesRequest - Sending request: https://query1.finance.yahoo.com/v7/finance/quote?symbols=AAPL
22:52:37.170 [Test worker] DEBUG yahoofinance.Utils - unixToCalendar 1628193602
22:52:37.170 [Test worker] DEBUG yahoofinance.Utils - unixToCalendar 1627403400
22:52:37.170 [Test worker] DEBUG yahoofinance.Utils - unixToCalendar 1628726400
22:52:37.171 [Test worker] INFO yahoofinance.quotes.query1v7.QuotesRequest - Sending request: https://query1.finance.yahoo.com/v7/finance/quote?symbols=TSLA
22:52:37.239 [Test worker] DEBUG yahoofinance.Utils - unixToCalendar 1628193602
22:52:37.240 [Test worker] DEBUG yahoofinance.Utils - unixToCalendar 1627315620
22:52:37.240 [Test worker] INFO yahoofinance.quotes.query1v7.QuotesRequest - Sending request: https://query1.finance.yahoo.com/v7/finance/quote?symbols=AAPL
22:52:37.261 [Test worker] DEBUG yahoofinance.Utils - unixToCalendar 1628193602
22:52:37.261 [Test worker] DEBUG yahoofinance.Utils - unixToCalendar 1627403400
22:52:37.261 [Test worker] DEBUG yahoofinance.Utils - unixToCalendar 1628726400
22:52:37.262 [Test worker] INFO yahoofinance.quotes.query1v7.QuotesRequest - Sending request: https://query1.finance.yahoo.com/v7/finance/quote?symbols=AMZN
22:52:37.286 [Test worker] DEBUG yahoofinance.Utils - unixToCalendar 1628193602
22:52:37.286 [Test worker] DEBUG yahoofinance.Utils - unixToCalendar 1627574460
]]></system-out>
  <system-err><![CDATA[]]></system-err>
</testsuite>
