<?xml version="1.0" encoding="UTF-8"?>
<testsuite name="edu.vanderbilt.cs.cyberbull.core.watchlist.WatchListFactoryTest" tests="1" skipped="0" failures="0" errors="0" timestamp="2021-08-06T02:52:36" hostname="huntaj-imac.localdomain" time="0.003">
  <properties/>
  <testcase name="createWatchList()" classname="edu.vanderbilt.cs.cyberbull.core.watchlist.WatchListFactoryTest" time="0.003"/>
  <system-out><![CDATA[]]></system-out>
  <system-err><![CDATA[]]></system-err>
</testsuite>
