<?xml version="1.0" encoding="UTF-8"?>
<testsuite name="edu.vanderbilt.cs.cyberbull.core.PortfolioTest" tests="3" skipped="0" failures="0" errors="0" timestamp="2021-08-06T22:04:41" hostname="huntaj-imac.localdomain" time="0.088">
  <properties/>
  <testcase name="removePosition()" classname="edu.vanderbilt.cs.cyberbull.core.PortfolioTest" time="0.044"/>
  <testcase name="addPosition()" classname="edu.vanderbilt.cs.cyberbull.core.PortfolioTest" time="0.021"/>
  <testcase name="getPositions()" classname="edu.vanderbilt.cs.cyberbull.core.PortfolioTest" time="0.022"/>
  <system-out><![CDATA[18:04:41.565 [Test worker] INFO yahoofinance.quotes.query1v7.QuotesRequest - Sending request: https://query1.finance.yahoo.com/v7/finance/quote?symbols=TSLA
18:04:41.586 [Test worker] DEBUG yahoofinance.Utils - unixToCalendar 1628280003
18:04:41.586 [Test worker] DEBUG yahoofinance.Utils - unixToCalendar 1627315620
18:04:41.586 [Test worker] INFO yahoofinance.quotes.query1v7.QuotesRequest - Sending request: https://query1.finance.yahoo.com/v7/finance/quote?symbols=TSLA
18:04:41.608 [Test worker] DEBUG yahoofinance.Utils - unixToCalendar 1628280003
18:04:41.608 [Test worker] DEBUG yahoofinance.Utils - unixToCalendar 1627315620
18:04:41.610 [Test worker] INFO yahoofinance.quotes.query1v7.QuotesRequest - Sending request: https://query1.finance.yahoo.com/v7/finance/quote?symbols=TSLA
18:04:41.630 [Test worker] DEBUG yahoofinance.Utils - unixToCalendar 1628280003
18:04:41.630 [Test worker] DEBUG yahoofinance.Utils - unixToCalendar 1627315620
18:04:41.631 [Test worker] INFO yahoofinance.quotes.query1v7.QuotesRequest - Sending request: https://query1.finance.yahoo.com/v7/finance/quote?symbols=TSLA
18:04:41.652 [Test worker] DEBUG yahoofinance.Utils - unixToCalendar 1628280003
18:04:41.652 [Test worker] DEBUG yahoofinance.Utils - unixToCalendar 1627315620
]]></system-out>
  <system-err><![CDATA[]]></system-err>
</testsuite>
