<?xml version="1.0" encoding="UTF-8"?>
<testsuite name="edu.vanderbilt.cs.cyberbull.core.position.PositionTest" tests="5" skipped="0" failures="0" errors="0" timestamp="2021-08-02T01:06:29" hostname="huntaj-imac.localdomain" time="0.678">
  <properties/>
  <testcase name="getCurrentValue()" classname="edu.vanderbilt.cs.cyberbull.core.position.PositionTest" time="0.674"/>
  <testcase name="setQuantity()" classname="edu.vanderbilt.cs.cyberbull.core.position.PositionTest" time="0.001"/>
  <testcase name="getQuantity()" classname="edu.vanderbilt.cs.cyberbull.core.position.PositionTest" time="0.0"/>
  <testcase name="updateQuantityByValue()" classname="edu.vanderbilt.cs.cyberbull.core.position.PositionTest" time="0.0"/>
  <testcase name="getStock()" classname="edu.vanderbilt.cs.cyberbull.core.position.PositionTest" time="0.001"/>
  <system-out><![CDATA[21:06:29.646 [Test worker] INFO yahoofinance.quotes.query1v7.QuotesRequest - Sending request: https://query1.finance.yahoo.com/v7/finance/quote?symbols=TSLA
21:06:30.131 [Test worker] DEBUG yahoofinance.Utils - unixToCalendar 1627675203
21:06:30.132 [Test worker] DEBUG yahoofinance.Utils - unixToCalendar 1627315620
21:06:30.133 [Test worker] INFO yahoofinance.quotes.query1v7.QuotesRequest - Sending request: https://query1.finance.yahoo.com/v7/finance/quote?symbols=TSLA
21:06:30.155 [Test worker] DEBUG yahoofinance.Utils - unixToCalendar 1627675203
21:06:30.156 [Test worker] DEBUG yahoofinance.Utils - unixToCalendar 1627315620
]]></system-out>
  <system-err><![CDATA[]]></system-err>
</testsuite>
