<?xml version="1.0" encoding="UTF-8"?>
<testsuite name="edu.vanderbilt.cs.cyberbull.core.DashboardTest" tests="9" skipped="0" failures="0" errors="0" timestamp="2021-08-06T22:04:39" hostname="huntaj-imac.localdomain" time="0.082">
  <properties/>
  <testcase name="removeBrokerageAccount()" classname="edu.vanderbilt.cs.cyberbull.core.DashboardTest" time="0.031"/>
  <testcase name="addBrokerageAccount()" classname="edu.vanderbilt.cs.cyberbull.core.DashboardTest" time="0.001"/>
  <testcase name="addRandomBankAccount()" classname="edu.vanderbilt.cs.cyberbull.core.DashboardTest" time="0.002"/>
  <testcase name="addBankAccount()" classname="edu.vanderbilt.cs.cyberbull.core.DashboardTest" time="0.001"/>
  <testcase name="getBrokerageAccountList()" classname="edu.vanderbilt.cs.cyberbull.core.DashboardTest" time="0.001"/>
  <testcase name="getBankAccountList()" classname="edu.vanderbilt.cs.cyberbull.core.DashboardTest" time="0.004"/>
  <testcase name="addRandomBrokerageAccount()" classname="edu.vanderbilt.cs.cyberbull.core.DashboardTest" time="0.001"/>
  <testcase name="removeBankAccount()" classname="edu.vanderbilt.cs.cyberbull.core.DashboardTest" time="0.005"/>
  <testcase name="transfer()" classname="edu.vanderbilt.cs.cyberbull.core.DashboardTest" time="0.007"/>
  <system-out><![CDATA[]]></system-out>
  <system-err><![CDATA[]]></system-err>
</testsuite>
