<?xml version="1.0" encoding="UTF-8"?>
<testsuite name="edu.vanderbilt.cs.cyberbull.core.account.BankAccountTest" tests="11" skipped="0" failures="0" errors="0" timestamp="2021-08-04T18:46:47" hostname="huntaj-imac.localdomain" time="0.008">
  <properties/>
  <testcase name="getAccountNumber()" classname="edu.vanderbilt.cs.cyberbull.core.account.BankAccountTest" time="0.001"/>
  <testcase name="updateBalance()" classname="edu.vanderbilt.cs.cyberbull.core.account.BankAccountTest" time="0.0"/>
  <testcase name="setBalance()" classname="edu.vanderbilt.cs.cyberbull.core.account.BankAccountTest" time="0.0"/>
  <testcase name="setRoutingNumber()" classname="edu.vanderbilt.cs.cyberbull.core.account.BankAccountTest" time="0.001"/>
  <testcase name="setDescription()" classname="edu.vanderbilt.cs.cyberbull.core.account.BankAccountTest" time="0.0"/>
  <testcase name="setAccountNumber()" classname="edu.vanderbilt.cs.cyberbull.core.account.BankAccountTest" time="0.0"/>
  <testcase name="getBalance()" classname="edu.vanderbilt.cs.cyberbull.core.account.BankAccountTest" time="0.001"/>
  <testcase name="getRoutingNumber()" classname="edu.vanderbilt.cs.cyberbull.core.account.BankAccountTest" time="0.001"/>
  <testcase name="setTitle()" classname="edu.vanderbilt.cs.cyberbull.core.account.BankAccountTest" time="0.0"/>
  <testcase name="getDescription()" classname="edu.vanderbilt.cs.cyberbull.core.account.BankAccountTest" time="0.0"/>
  <testcase name="getTitle()" classname="edu.vanderbilt.cs.cyberbull.core.account.BankAccountTest" time="0.001"/>
  <system-out><![CDATA[]]></system-out>
  <system-err><![CDATA[]]></system-err>
</testsuite>
