<?xml version="1.0" encoding="UTF-8"?>
<testsuite name="edu.vanderbilt.cs.cyberbull.core.account.commander.ActivityCommanderTest" tests="2" skipped="0" failures="0" errors="0" timestamp="2021-08-02T01:06:31" hostname="huntaj-imac.localdomain" time="0.122">
  <properties/>
  <testcase name="executeOperation()" classname="edu.vanderbilt.cs.cyberbull.core.account.commander.ActivityCommanderTest" time="0.005"/>
  <testcase name="getOperations()" classname="edu.vanderbilt.cs.cyberbull.core.account.commander.ActivityCommanderTest" time="0.116"/>
  <system-out><![CDATA[21:06:31.199 [Test worker] INFO yahoofinance.quotes.query1v7.QuotesRequest - Sending request: https://query1.finance.yahoo.com/v7/finance/quote?symbols=TSLA
21:06:31.253 [Test worker] DEBUG yahoofinance.Utils - unixToCalendar 1627675203
21:06:31.254 [Test worker] DEBUG yahoofinance.Utils - unixToCalendar 1627315620
21:06:31.254 [Test worker] INFO yahoofinance.quotes.query1v7.QuotesRequest - Sending request: https://query1.finance.yahoo.com/v7/finance/quote?symbols=TSLA
21:06:31.311 [Test worker] DEBUG yahoofinance.Utils - unixToCalendar 1627675203
21:06:31.312 [Test worker] DEBUG yahoofinance.Utils - unixToCalendar 1627315620
]]></system-out>
  <system-err><![CDATA[]]></system-err>
</testsuite>
