<?xml version="1.0" encoding="UTF-8"?>
<testsuite name="edu.vanderbilt.cs.cyberbull.CyberbullApplicationTests" tests="1" skipped="0" failures="0" errors="0" timestamp="2021-08-04T18:46:51" hostname="huntaj-imac.localdomain" time="0.384">
  <properties/>
  <testcase name="contextLoads()" classname="edu.vanderbilt.cs.cyberbull.CyberbullApplicationTests" time="0.384"/>
  <system-out><![CDATA[14:46:48.225 [Test worker] DEBUG org.springframework.test.context.BootstrapUtils - Instantiating CacheAwareContextLoaderDelegate from class [org.springframework.test.context.cache.DefaultCacheAwareContextLoaderDelegate]
14:46:48.235 [Test worker] DEBUG org.springframework.test.context.BootstrapUtils - Instantiating BootstrapContext using constructor [public org.springframework.test.context.support.DefaultBootstrapContext(java.lang.Class,org.springframework.test.context.CacheAwareContextLoaderDelegate)]
14:46:48.275 [Test worker] DEBUG org.springframework.test.context.BootstrapUtils - Instantiating TestContextBootstrapper for test class [edu.vanderbilt.cs.cyberbull.CyberbullApplicationTests] from class [org.springframework.boot.test.context.SpringBootTestContextBootstrapper]
14:46:48.287 [Test worker] INFO org.springframework.boot.test.context.SpringBootTestContextBootstrapper - Neither @ContextConfiguration nor @ContextHierarchy found for test class [edu.vanderbilt.cs.cyberbull.CyberbullApplicationTests], using SpringBootContextLoader
14:46:48.290 [Test worker] DEBUG org.springframework.test.context.support.AbstractContextLoader - Did not detect default resource location for test class [edu.vanderbilt.cs.cyberbull.CyberbullApplicationTests]: class path resource [edu/vanderbilt/cs/cyberbull/CyberbullApplicationTests-context.xml] does not exist
14:46:48.291 [Test worker] DEBUG org.springframework.test.context.support.AbstractContextLoader - Did not detect default resource location for test class [edu.vanderbilt.cs.cyberbull.CyberbullApplicationTests]: class path resource [edu/vanderbilt/cs/cyberbull/CyberbullApplicationTestsContext.groovy] does not exist
14:46:48.291 [Test worker] INFO org.springframework.test.context.support.AbstractContextLoader - Could not detect default resource locations for test class [edu.vanderbilt.cs.cyberbull.CyberbullApplicationTests]: no resource found for suffixes {-context.xml, Context.groovy}.
14:46:48.292 [Test worker] INFO org.springframework.test.context.support.AnnotationConfigContextLoaderUtils - Could not detect default configuration classes for test class [edu.vanderbilt.cs.cyberbull.CyberbullApplicationTests]: CyberbullApplicationTests does not declare any static, non-private, non-final, nested classes annotated with @Configuration.
14:46:48.340 [Test worker] DEBUG org.springframework.test.context.support.ActiveProfilesUtils - Could not find an 'annotation declaring class' for annotation type [org.springframework.test.context.ActiveProfiles] and class [edu.vanderbilt.cs.cyberbull.CyberbullApplicationTests]
14:46:48.438 [Test worker] DEBUG org.springframework.context.annotation.ClassPathScanningCandidateComponentProvider - Identified candidate component class: file [/Users/huntaj/dev/cyberbull/build/classes/java/main/edu/vanderbilt/cs/cyberbull/CyberbullApplication.class]
14:46:48.440 [Test worker] INFO org.springframework.boot.test.context.SpringBootTestContextBootstrapper - Found @SpringBootConfiguration edu.vanderbilt.cs.cyberbull.CyberbullApplication for test class edu.vanderbilt.cs.cyberbull.CyberbullApplicationTests
14:46:48.573 [Test worker] DEBUG org.springframework.boot.test.context.SpringBootTestContextBootstrapper - @TestExecutionListeners is not present for class [edu.vanderbilt.cs.cyberbull.CyberbullApplicationTests]: using defaults.
14:46:48.573 [Test worker] INFO org.springframework.boot.test.context.SpringBootTestContextBootstrapper - Loaded default TestExecutionListener class names from location [META-INF/spring.factories]: [org.springframework.boot.test.autoconfigure.restdocs.RestDocsTestExecutionListener, org.springframework.boot.test.autoconfigure.web.client.MockRestServiceServerResetTestExecutionListener, org.springframework.boot.test.autoconfigure.web.servlet.MockMvcPrintOnlyOnFailureTestExecutionListener, org.springframework.boot.test.autoconfigure.web.servlet.WebDriverTestExecutionListener, org.springframework.boot.test.autoconfigure.webservices.client.MockWebServiceServerTestExecutionListener, org.springframework.boot.test.mock.mockito.MockitoTestExecutionListener, org.springframework.boot.test.mock.mockito.ResetMocksTestExecutionListener, org.springframework.test.context.web.ServletTestExecutionListener, org.springframework.test.context.support.DirtiesContextBeforeModesTestExecutionListener, org.springframework.test.context.event.ApplicationEventsTestExecutionListener, org.springframework.test.context.support.DependencyInjectionTestExecutionListener, org.springframework.test.context.support.DirtiesContextTestExecutionListener, org.springframework.test.context.transaction.TransactionalTestExecutionListener, org.springframework.test.context.jdbc.SqlScriptsTestExecutionListener, org.springframework.test.context.event.EventPublishingTestExecutionListener]
14:46:48.589 [Test worker] INFO org.springframework.boot.test.context.SpringBootTestContextBootstrapper - Using TestExecutionListeners: [org.springframework.test.context.web.ServletTestExecutionListener@915cf81, org.springframework.test.context.support.DirtiesContextBeforeModesTestExecutionListener@2db124b, org.springframework.test.context.event.ApplicationEventsTestExecutionListener@70526ee3, org.springframework.boot.test.mock.mockito.MockitoTestExecutionListener@247a0c33, org.springframework.boot.test.autoconfigure.SpringBootDependencyInjectionTestExecutionListener@334a6fa, org.springframework.test.context.support.DirtiesContextTestExecutionListener@59a7a59d, org.springframework.test.context.transaction.TransactionalTestExecutionListener@3a61ed3c, org.springframework.test.context.jdbc.SqlScriptsTestExecutionListener@4e8e65d7, org.springframework.test.context.event.EventPublishingTestExecutionListener@682b098a, org.springframework.boot.test.autoconfigure.restdocs.RestDocsTestExecutionListener@c44c25f, org.springframework.boot.test.autoconfigure.web.client.MockRestServiceServerResetTestExecutionListener@3979d6e6, org.springframework.boot.test.autoconfigure.web.servlet.MockMvcPrintOnlyOnFailureTestExecutionListener@464bcc3, org.springframework.boot.test.autoconfigure.web.servlet.WebDriverTestExecutionListener@3433829c, org.springframework.boot.test.autoconfigure.webservices.client.MockWebServiceServerTestExecutionListener@1ecfe87f, org.springframework.boot.test.mock.mockito.ResetMocksTestExecutionListener@6976d3a6]
14:46:48.592 [Test worker] DEBUG org.springframework.test.context.support.AbstractDirtiesContextTestExecutionListener - Before test class: context [DefaultTestContext@7e185de8 testClass = CyberbullApplicationTests, testInstance = [null], testMethod = [null], testException = [null], mergedContextConfiguration = [WebMergedContextConfiguration@2e872f1 testClass = CyberbullApplicationTests, locations = '{}', classes = '{class edu.vanderbilt.cs.cyberbull.CyberbullApplication}', contextInitializerClasses = '[]', activeProfiles = '{}', propertySourceLocations = '{}', propertySourceProperties = '{org.springframework.boot.test.context.SpringBootTestContextBootstrapper=true}', contextCustomizers = set[org.springframework.boot.test.autoconfigure.actuate.metrics.MetricsExportContextCustomizerFactory$DisableMetricExportContextCustomizer@1d068502, org.springframework.boot.test.autoconfigure.properties.PropertyMappingContextCustomizer@0, org.springframework.boot.test.autoconfigure.web.servlet.WebDriverContextCustomizerFactory$Customizer@7c55b9ac, org.springframework.boot.test.context.filter.ExcludeFilterContextCustomizer@28ab20a5, org.springframework.boot.test.json.DuplicateJsonObjectContextCustomizerFactory$DuplicateJsonObjectContextCustomizer@335a3114, org.springframework.boot.test.mock.mockito.MockitoContextCustomizer@0, org.springframework.boot.test.web.client.TestRestTemplateContextCustomizer@5c7e43d9, org.springframework.boot.test.context.SpringBootTestArgs@1, org.springframework.boot.test.context.SpringBootTestWebEnvironment@7085c6f1], resourceBasePath = 'src/main/webapp', contextLoader = 'org.springframework.boot.test.context.SpringBootContextLoader', parent = [null]], attributes = map['org.springframework.test.context.web.ServletTestExecutionListener.activateListener' -> true]], class annotated with @DirtiesContext [false] with mode [null].
14:46:48.617 [Test worker] DEBUG org.springframework.test.context.support.TestPropertySourceUtils - Adding inlined properties to environment: {spring.jmx.enabled=false, org.springframework.boot.test.context.SpringBootTestContextBootstrapper=true}

  .   ____          _            __ _ _
 /\\ / ___'_ __ _ _(_)_ __  __ _ \ \ \ \
( ( )\___ | '_ | '_| | '_ \/ _` | \ \ \ \
 \\/  ___)| |_)| | | | | || (_| |  ) ) ) )
  '  |____| .__|_| |_|_| |_\__, | / / / /
 =========|_|==============|___/=/_/_/_/
 :: Spring Boot ::                (v2.5.3)

2021-08-04 14:46:49.086  WARN 9683 --- [    Test worker] ory$DuplicateJsonObjectContextCustomizer : 

Found multiple occurrences of org.json.JSONObject on the class path:

	jar:file:/Users/huntaj/.gradle/caches/modules-2/files-2.1/org.json/json/20210307/528c8df3757e8bcf151817b1d7b9b434f6aa08d5/json-20210307.jar!/org/json/JSONObject.class
	jar:file:/Users/huntaj/.gradle/caches/modules-2/files-2.1/com.vaadin.external.google/android-json/0.0.20131108.vaadin1/fa26d351fe62a6a17f5cda1287c1c6110dec413f/android-json-0.0.20131108.vaadin1.jar!/org/json/JSONObject.class

You may wish to exclude one of them to ensure predictable runtime behavior

2021-08-04 14:46:49.105  INFO 9683 --- [    Test worker] e.v.c.c.CyberbullApplicationTests        : Starting CyberbullApplicationTests using Java 16.0.2 on huntaj-imac.localdomain with PID 9683 (started by huntaj in /Users/huntaj/dev/cyberbull)
2021-08-04 14:46:49.119  INFO 9683 --- [    Test worker] e.v.c.c.CyberbullApplicationTests        : No active profile set, falling back to default profiles: default
2021-08-04 14:46:50.009  INFO 9683 --- [    Test worker] .s.d.r.c.RepositoryConfigurationDelegate : Bootstrapping Spring Data JPA repositories in DEFAULT mode.
2021-08-04 14:46:50.058  INFO 9683 --- [    Test worker] .s.d.r.c.RepositoryConfigurationDelegate : Finished Spring Data repository scanning in 29 ms. Found 0 JPA repository interfaces.
2021-08-04 14:46:51.264  INFO 9683 --- [    Test worker] o.s.b.a.w.s.WelcomePageHandlerMapping    : Adding welcome page template: index
2021-08-04 14:46:51.510  INFO 9683 --- [    Test worker] o.s.j.d.e.EmbeddedDatabaseFactory        : Starting embedded database: url='jdbc:h2:mem:9cc97795-e874-4d35-8ddd-27fee6e424e1;DB_CLOSE_DELAY=-1;DB_CLOSE_ON_EXIT=false', username='sa'
2021-08-04 14:46:51.881  INFO 9683 --- [    Test worker] e.v.c.c.CyberbullApplicationTests        : Started CyberbullApplicationTests in 3.257 seconds (JVM running for 7.228)
]]></system-out>
  <system-err><![CDATA[]]></system-err>
</testsuite>
