<?xml version="1.0" encoding="UTF-8"?>
<testsuite name="edu.vanderbilt.cs.cyberbull.core.account.commander.AccountActivityTest" tests="2" skipped="0" failures="0" errors="0" timestamp="2021-08-04T18:40:26" hostname="huntaj-imac.localdomain" time="0.001">
  <properties/>
  <testcase name="executeOperation()" classname="edu.vanderbilt.cs.cyberbull.core.account.commander.AccountActivityTest" time="0.0"/>
  <testcase name="getOperations()" classname="edu.vanderbilt.cs.cyberbull.core.account.commander.AccountActivityTest" time="0.0"/>
  <system-out><![CDATA[Position list size: 0
[]
]]></system-out>
  <system-err><![CDATA[]]></system-err>
</testsuite>
