<?xml version="1.0" encoding="UTF-8"?>
<testsuite name="edu.vanderbilt.cs.cyberbull.core.watchlist.commander.WatchListCommanderTest" tests="2" skipped="0" failures="0" errors="0" timestamp="2021-08-04T17:55:16" hostname="huntaj-imac.localdomain" time="0.001">
  <properties/>
  <testcase name="executeOperation()" classname="edu.vanderbilt.cs.cyberbull.core.watchlist.commander.WatchListCommanderTest" time="0.0"/>
  <testcase name="getOperations()" classname="edu.vanderbilt.cs.cyberbull.core.watchlist.commander.WatchListCommanderTest" time="0.0"/>
  <system-out><![CDATA[]]></system-out>
  <system-err><![CDATA[]]></system-err>
</testsuite>
