<?xml version="1.0" encoding="UTF-8"?>
<testsuite name="edu.vanderbilt.cs.cyberbull.core.stockdb.StockDBTest" tests="2" skipped="0" failures="0" errors="0" timestamp="2021-08-02T01:06:31" hostname="huntaj-imac.localdomain" time="0.002">
  <properties/>
  <testcase name="getSP500()" classname="edu.vanderbilt.cs.cyberbull.core.stockdb.StockDBTest" time="0.0"/>
  <testcase name="getStock()" classname="edu.vanderbilt.cs.cyberbull.core.stockdb.StockDBTest" time="0.001"/>
  <system-out><![CDATA[]]></system-out>
  <system-err><![CDATA[]]></system-err>
</testsuite>
