<?xml version="1.0" encoding="UTF-8"?>
<testsuite name="edu.vanderbilt.cs.cyberbull.core.stock_history.WeeklyHistoryVisitorTest" tests="1" skipped="0" failures="0" errors="0" timestamp="2021-08-02T01:06:30" hostname="huntaj-imac.localdomain" time="0.118">
  <properties/>
  <testcase name="visit()" classname="edu.vanderbilt.cs.cyberbull.core.stock_history.WeeklyHistoryVisitorTest" time="0.118"/>
  <system-out><![CDATA[21:06:30.847 [Test worker] INFO yahoofinance.quotes.query1v7.QuotesRequest - Sending request: https://query1.finance.yahoo.com/v7/finance/quote?symbols=TSLA
21:06:30.868 [Test worker] DEBUG yahoofinance.Utils - unixToCalendar 1627675203
21:06:30.868 [Test worker] DEBUG yahoofinance.Utils - unixToCalendar 1627315620
21:06:30.869 [Test worker] INFO yahoofinance.histquotes2.HistQuotes2Request - Sending request: https://query1.finance.yahoo.com/v7/finance/download/TSLA?period1=1596297600&period2=1627833600&interval=5d&crumb=FDWDg3SJmnK
21:06:30.933 [Test worker] INFO yahoofinance.histquotes2.HistQuotes2Request - Parsing CSV line: 2020-08-06,298.165985,303.462006,295.451996,297.915985,297.915985,29961500
21:06:30.934 [Test worker] INFO yahoofinance.histquotes2.HistQuotes2Request - Parsing CSV line: 2020-08-11,279.200012,284.000000,273.000000,274.877991,274.877991,43129000
21:06:30.935 [Test worker] INFO yahoofinance.histquotes2.HistQuotes2Request - Parsing CSV line: 2020-08-21,408.951996,419.097992,405.010010,409.996002,409.996002,107448000
21:06:30.935 [Test worker] INFO yahoofinance.histquotes2.HistQuotes2Request - Parsing CSV line: 2020-08-26,412.000000,433.200012,410.726013,430.634003,430.634003,71197000
21:06:30.935 [Test worker] INFO yahoofinance.histquotes2.HistQuotes2Request - Parsing CSV line: 2020-08-31,444.609985,500.140015,440.109985,498.320007,498.320007,118374400
21:06:30.938 [Test worker] INFO yahoofinance.histquotes2.HistQuotes2Request - Parsing CSV line: 2020-09-10,386.209991,398.989990,360.559998,371.339996,371.339996,84930600
21:06:30.939 [Test worker] INFO yahoofinance.histquotes2.HistQuotes2Request - Parsing CSV line: 2020-09-15,436.559998,461.940002,430.700012,449.760010,449.760010,97298200
21:06:30.939 [Test worker] INFO yahoofinance.histquotes2.HistQuotes2Request - Parsing CSV line: 2020-09-25,393.470001,408.730011,391.299988,407.339996,407.339996,67208500
21:06:30.940 [Test worker] INFO yahoofinance.histquotes2.HistQuotes2Request - Parsing CSV line: 2020-09-30,421.320007,433.929993,420.470001,429.010010,429.010010,48145600
21:06:30.941 [Test worker] INFO yahoofinance.histquotes2.HistQuotes2Request - Parsing CSV line: 2020-10-05,423.350006,433.640015,419.329987,425.679993,425.679993,44722800
21:06:30.941 [Test worker] INFO yahoofinance.histquotes2.HistQuotes2Request - Parsing CSV line: 2020-10-15,450.309998,456.570007,442.500000,448.880005,448.880005,35672400
21:06:30.943 [Test worker] INFO yahoofinance.histquotes2.HistQuotes2Request - Parsing CSV line: 2020-10-20,431.750000,431.750000,419.049988,421.940002,421.940002,31656300
21:06:30.943 [Test worker] INFO yahoofinance.histquotes2.HistQuotes2Request - Parsing CSV line: 2020-10-30,406.899994,407.589996,379.109985,388.040009,388.040009,42511300
21:06:30.945 [Test worker] INFO yahoofinance.histquotes2.HistQuotes2Request - Parsing CSV line: 2020-11-04,430.619995,435.399994,417.100006,420.980011,420.980011,32143100
21:06:30.945 [Test worker] INFO yahoofinance.histquotes2.HistQuotes2Request - Parsing CSV line: 2020-11-09,439.500000,452.500000,421.000000,421.260010,421.260010,34833000
21:06:30.946 [Test worker] INFO yahoofinance.histquotes2.HistQuotes2Request - Parsing CSV line: 2020-11-19,492.000000,508.609985,487.570007,499.269989,499.269989,62475300
21:06:30.946 [Test worker] INFO yahoofinance.histquotes2.HistQuotes2Request - Parsing CSV line: 2020-11-24,540.400024,559.989990,526.200012,555.380005,555.380005,53648500
21:06:30.946 [Test worker] INFO yahoofinance.histquotes2.HistQuotes2Request - Parsing CSV line: 2020-12-04,591.010010,599.039978,585.500000,599.039978,599.039978,29401300
21:06:30.947 [Test worker] INFO yahoofinance.histquotes2.HistQuotes2Request - Parsing CSV line: 2020-12-09,653.690002,654.320007,588.000000,604.479980,604.479980,71291200
21:06:30.947 [Test worker] INFO yahoofinance.histquotes2.HistQuotes2Request - Parsing CSV line: 2020-12-14,619.000000,642.750000,610.200012,639.830017,639.830017,52040600
21:06:30.947 [Test worker] INFO yahoofinance.histquotes2.HistQuotes2Request - Parsing CSV line: 2020-12-24,642.989990,666.090027,641.000000,661.770020,661.770020,22865600
21:06:30.947 [Test worker] INFO yahoofinance.histquotes2.HistQuotes2Request - Parsing CSV line: 2020-12-29,661.000000,669.900024,655.000000,665.989990,665.989990,22910800
21:06:30.947 [Test worker] INFO yahoofinance.histquotes2.HistQuotes2Request - Parsing CSV line: 2021-01-08,856.000000,884.489990,838.390015,880.020020,880.020020,75055500
21:06:30.948 [Test worker] INFO yahoofinance.histquotes2.HistQuotes2Request - Parsing CSV line: 2021-01-13,852.760010,860.469971,832.000000,854.409973,854.409973,33312500
21:06:30.948 [Test worker] INFO yahoofinance.histquotes2.HistQuotes2Request - Parsing CSV line: 2021-01-28,820.000000,848.000000,801.000000,835.429993,835.429993,26378000
21:06:30.949 [Test worker] INFO yahoofinance.histquotes2.HistQuotes2Request - Parsing CSV line: 2021-02-02,844.679993,880.500000,842.200012,872.789978,872.789978,24346200
21:06:30.949 [Test worker] INFO yahoofinance.histquotes2.HistQuotes2Request - Parsing CSV line: 2021-02-12,801.260010,817.330017,785.330017,816.119995,816.119995,23768300
21:06:30.949 [Test worker] INFO yahoofinance.histquotes2.HistQuotes2Request - Parsing CSV line: 2021-02-17,779.090027,799.840027,762.010010,798.150024,798.150024,25996500
21:06:30.949 [Test worker] INFO yahoofinance.histquotes2.HistQuotes2Request - Parsing CSV line: 2021-02-22,762.640015,768.500000,710.200012,714.500000,714.500000,37269700
21:06:30.951 [Test worker] INFO yahoofinance.histquotes2.HistQuotes2Request - Parsing CSV line: 2021-03-04,655.799988,668.450012,600.000000,621.440002,621.440002,65919500
21:06:30.952 [Test worker] INFO yahoofinance.histquotes2.HistQuotes2Request - Parsing CSV line: 2021-03-09,608.179993,678.090027,595.210022,673.580017,673.580017,67523300
21:06:30.953 [Test worker] INFO yahoofinance.histquotes2.HistQuotes2Request - Parsing CSV line: 2021-03-19,646.599976,657.229980,624.619995,654.869995,654.869995,42894000
21:06:30.953 [Test worker] INFO yahoofinance.histquotes2.HistQuotes2Request - Parsing CSV line: 2021-03-24,667.909973,668.020020,630.109985,630.270020,630.270020,33795200
21:06:30.953 [Test worker] INFO yahoofinance.histquotes2.HistQuotes2Request - Parsing CSV line: 2021-03-29,615.640015,616.479980,596.020020,611.289978,611.289978,28637000
21:06:30.954 [Test worker] INFO yahoofinance.histquotes2.HistQuotes2Request - Parsing CSV line: 2021-04-08,677.380005,689.549988,671.650024,683.799988,683.799988,23924300
21:06:30.954 [Test worker] INFO yahoofinance.histquotes2.HistQuotes2Request - Parsing CSV line: 2021-04-13,712.700012,763.000000,710.659973,762.320007,762.320007,44652800
21:06:30.954 [Test worker] INFO yahoofinance.histquotes2.HistQuotes2Request - Parsing CSV line: 2021-04-23,719.799988,737.359985,715.460022,729.400024,729.400024,28370000
21:06:30.954 [Test worker] INFO yahoofinance.histquotes2.HistQuotes2Request - Parsing CSV line: 2021-04-28,696.409973,708.500000,693.599976,694.400024,694.400024,22271000
21:06:30.955 [Test worker] INFO yahoofinance.histquotes2.HistQuotes2Request - Parsing CSV line: 2021-05-03,703.799988,706.000000,680.500000,684.900024,684.900024,27043100
21:06:30.955 [Test worker] INFO yahoofinance.histquotes2.HistQuotes2Request - Parsing CSV line: 2021-05-13,601.539978,606.460022,559.650024,571.690002,571.690002,44184900
21:06:30.955 [Test worker] INFO yahoofinance.histquotes2.HistQuotes2Request - Parsing CSV line: 2021-05-18,568.000000,596.250000,563.380005,577.869995,577.869995,36830600
21:06:30.955 [Test worker] INFO yahoofinance.histquotes2.HistQuotes2Request - Parsing CSV line: 2021-05-28,628.500000,635.590027,622.380005,625.219971,625.219971,22737000
21:06:30.955 [Test worker] INFO yahoofinance.histquotes2.HistQuotes2Request - Parsing CSV line: 2021-06-02,620.130005,623.359985,599.140015,605.119995,605.119995,23302800
21:06:30.956 [Test worker] INFO yahoofinance.histquotes2.HistQuotes2Request - Parsing CSV line: 2021-06-07,591.830017,610.000000,582.880005,605.130005,605.130005,22543700
21:06:30.956 [Test worker] INFO yahoofinance.histquotes2.HistQuotes2Request - Parsing CSV line: 2021-06-17,601.890015,621.469971,601.340027,616.599976,616.599976,22701400
21:06:30.956 [Test worker] INFO yahoofinance.histquotes2.HistQuotes2Request - Parsing CSV line: 2021-06-22,618.250000,628.570007,615.500000,623.710022,623.710022,19158900
21:06:30.956 [Test worker] INFO yahoofinance.histquotes2.HistQuotes2Request - Parsing CSV line: 2021-07-02,678.979980,700.000000,673.260010,678.900024,678.900024,27054500
21:06:30.957 [Test worker] INFO yahoofinance.histquotes2.HistQuotes2Request - Parsing CSV line: 2021-07-07,664.270020,665.700012,638.320007,644.650024,644.650024,18792000
21:06:30.957 [Test worker] INFO yahoofinance.histquotes2.HistQuotes2Request - Parsing CSV line: 2021-07-12,662.200012,687.239990,662.159973,685.700012,685.700012,25927000
21:06:30.957 [Test worker] INFO yahoofinance.histquotes2.HistQuotes2Request - Parsing CSV line: 2021-07-22,656.440002,662.169983,644.599976,649.260010,649.260010,15105700
21:06:30.957 [Test worker] INFO yahoofinance.histquotes2.HistQuotes2Request - Parsing CSV line: 2021-07-27,663.400024,666.500000,627.239990,644.780029,644.780029,32813300
21:06:30.958 [Test worker] INFO yahoofinance.histquotes2.HistQuotes2Request - Parsing CSV line: 2021-07-30,671.757996,697.530029,669.000000,687.200012,687.200012,29656411
[TSLA@2020-08-06: 295.451996-303.462006, 298.165985->297.915985 (297.915985), TSLA@2020-08-11: 273.000000-284.000000, 279.200012->274.877991 (274.877991), TSLA@2020-08-21: 405.010010-419.097992, 408.951996->409.996002 (409.996002), TSLA@2020-08-26: 410.726013-433.200012, 412.000000->430.634003 (430.634003), TSLA@2020-08-31: 440.109985-500.140015, 444.609985->498.320007 (498.320007), TSLA@2020-09-10: 360.559998-398.989990, 386.209991->371.339996 (371.339996), TSLA@2020-09-15: 430.700012-461.940002, 436.559998->449.760010 (449.760010), TSLA@2020-09-25: 391.299988-408.730011, 393.470001->407.339996 (407.339996), TSLA@2020-09-30: 420.470001-433.929993, 421.320007->429.010010 (429.010010), TSLA@2020-10-05: 419.329987-433.640015, 423.350006->425.679993 (425.679993), TSLA@2020-10-15: 442.500000-456.570007, 450.309998->448.880005 (448.880005), TSLA@2020-10-20: 419.049988-431.750000, 431.750000->421.940002 (421.940002), TSLA@2020-10-30: 379.109985-407.589996, 406.899994->388.040009 (388.040009), TSLA@2020-11-04: 417.100006-435.399994, 430.619995->420.980011 (420.980011), TSLA@2020-11-09: 421.000000-452.500000, 439.500000->421.260010 (421.260010), TSLA@2020-11-19: 487.570007-508.609985, 492.000000->499.269989 (499.269989), TSLA@2020-11-24: 526.200012-559.989990, 540.400024->555.380005 (555.380005), TSLA@2020-12-04: 585.500000-599.039978, 591.010010->599.039978 (599.039978), TSLA@2020-12-09: 588.000000-654.320007, 653.690002->604.479980 (604.479980), TSLA@2020-12-14: 610.200012-642.750000, 619.000000->639.830017 (639.830017), TSLA@2020-12-24: 641.000000-666.090027, 642.989990->661.770020 (661.770020), TSLA@2020-12-29: 655.000000-669.900024, 661.000000->665.989990 (665.989990), TSLA@2021-01-08: 838.390015-884.489990, 856.000000->880.020020 (880.020020), TSLA@2021-01-13: 832.000000-860.469971, 852.760010->854.409973 (854.409973), TSLA@2021-01-28: 801.000000-848.000000, 820.000000->835.429993 (835.429993), TSLA@2021-02-02: 842.200012-880.500000, 844.679993->872.789978 (872.789978), TSLA@2021-02-12: 785.330017-817.330017, 801.260010->816.119995 (816.119995), TSLA@2021-02-17: 762.010010-799.840027, 779.090027->798.150024 (798.150024), TSLA@2021-02-22: 710.200012-768.500000, 762.640015->714.500000 (714.500000), TSLA@2021-03-04: 600.000000-668.450012, 655.799988->621.440002 (621.440002), TSLA@2021-03-09: 595.210022-678.090027, 608.179993->673.580017 (673.580017), TSLA@2021-03-19: 624.619995-657.229980, 646.599976->654.869995 (654.869995), TSLA@2021-03-24: 630.109985-668.020020, 667.909973->630.270020 (630.270020), TSLA@2021-03-29: 596.020020-616.479980, 615.640015->611.289978 (611.289978), TSLA@2021-04-08: 671.650024-689.549988, 677.380005->683.799988 (683.799988), TSLA@2021-04-13: 710.659973-763.000000, 712.700012->762.320007 (762.320007), TSLA@2021-04-23: 715.460022-737.359985, 719.799988->729.400024 (729.400024), TSLA@2021-04-28: 693.599976-708.500000, 696.409973->694.400024 (694.400024), TSLA@2021-05-03: 680.500000-706.000000, 703.799988->684.900024 (684.900024), TSLA@2021-05-13: 559.650024-606.460022, 601.539978->571.690002 (571.690002), TSLA@2021-05-18: 563.380005-596.250000, 568.000000->577.869995 (577.869995), TSLA@2021-05-28: 622.380005-635.590027, 628.500000->625.219971 (625.219971), TSLA@2021-06-02: 599.140015-623.359985, 620.130005->605.119995 (605.119995), TSLA@2021-06-07: 582.880005-610.000000, 591.830017->605.130005 (605.130005), TSLA@2021-06-17: 601.340027-621.469971, 601.890015->616.599976 (616.599976), TSLA@2021-06-22: 615.500000-628.570007, 618.250000->623.710022 (623.710022), TSLA@2021-07-02: 673.260010-700.000000, 678.979980->678.900024 (678.900024), TSLA@2021-07-07: 638.320007-665.700012, 664.270020->644.650024 (644.650024), TSLA@2021-07-12: 662.159973-687.239990, 662.200012->685.700012 (685.700012), TSLA@2021-07-22: 644.599976-662.169983, 656.440002->649.260010 (649.260010), TSLA@2021-07-27: 627.239990-666.500000, 663.400024->644.780029 (644.780029), TSLA@2021-07-30: 669.000000-697.530029, 671.757996->687.200012 (687.200012)]
]]></system-out>
  <system-err><![CDATA[]]></system-err>
</testsuite>
