<?xml version="1.0" encoding="UTF-8"?>
<testsuite name="edu.vanderbilt.cs.cyberbull.core.random.RandomBankAccountTitleFactoryTest" tests="1" skipped="0" failures="0" errors="0" timestamp="2021-08-06T22:04:41" hostname="huntaj-imac.localdomain" time="0.001">
  <properties/>
  <testcase name="generateRandomPhrase()" classname="edu.vanderbilt.cs.cyberbull.core.random.RandomBankAccountTitleFactoryTest" time="0.001"/>
  <system-out><![CDATA[]]></system-out>
  <system-err><![CDATA[]]></system-err>
</testsuite>
