<?xml version="1.0" encoding="UTF-8"?>
<testsuite name="edu.vanderbilt.cs.cyberbull.core.account.BankAccountFactoryTest" tests="2" skipped="0" failures="0" errors="0" timestamp="2021-08-06T22:04:41" hostname="huntaj-imac.localdomain" time="0.002">
  <properties/>
  <testcase name="createRandomAccount()" classname="edu.vanderbilt.cs.cyberbull.core.account.BankAccountFactoryTest" time="0.001"/>
  <testcase name="createAccount()" classname="edu.vanderbilt.cs.cyberbull.core.account.BankAccountFactoryTest" time="0.0"/>
  <system-out><![CDATA[]]></system-out>
  <system-err><![CDATA[]]></system-err>
</testsuite>
