<?xml version="1.0" encoding="UTF-8"?>
<testsuite name="edu.vanderbilt.cs.cyberbull.core.stock_history.WeeklyHistoryVisitorTest" tests="1" skipped="0" failures="0" errors="0" timestamp="2021-08-06T02:52:35" hostname="huntaj-imac.localdomain" time="0.143">
  <properties/>
  <testcase name="visit()" classname="edu.vanderbilt.cs.cyberbull.core.stock_history.WeeklyHistoryVisitorTest" time="0.143"/>
  <system-out><![CDATA[22:52:35.614 [Test worker] INFO yahoofinance.quotes.query1v7.QuotesRequest - Sending request: https://query1.finance.yahoo.com/v7/finance/quote?symbols=TSLA
22:52:35.638 [Test worker] DEBUG yahoofinance.Utils - unixToCalendar 1628193602
22:52:35.639 [Test worker] DEBUG yahoofinance.Utils - unixToCalendar 1627315620
22:52:35.639 [Test worker] INFO yahoofinance.histquotes2.HistQuotes2Request - Sending request: https://query1.finance.yahoo.com/v7/finance/download/TSLA?period1=1596643200&period2=1628179200&interval=5d&crumb=66.cjS0X2Xk
22:52:35.699 [Test worker] INFO yahoofinance.histquotes2.HistQuotes2Request - Parsing CSV line: 2020-08-05,298.597992,299.967987,293.661987,297.003998,297.003998,24739000
22:52:35.700 [Test worker] INFO yahoofinance.histquotes2.HistQuotes2Request - Parsing CSV line: 2020-08-10,289.600006,291.500000,277.167999,283.713989,283.713989,37611500
22:52:35.700 [Test worker] INFO yahoofinance.histquotes2.HistQuotes2Request - Parsing CSV line: 2020-08-20,372.135986,404.398010,371.411987,400.365997,400.365997,103059000
22:52:35.700 [Test worker] INFO yahoofinance.histquotes2.HistQuotes2Request - Parsing CSV line: 2020-08-25,394.977997,405.589996,393.600006,404.667999,404.667999,53294500
22:52:35.701 [Test worker] INFO yahoofinance.histquotes2.HistQuotes2Request - Parsing CSV line: 2020-09-04,402.809998,428.000000,372.019989,418.320007,418.320007,110321900
22:52:35.701 [Test worker] INFO yahoofinance.histquotes2.HistQuotes2Request - Parsing CSV line: 2020-09-09,356.600006,369.000000,341.510010,366.279999,366.279999,79465800
22:52:35.701 [Test worker] INFO yahoofinance.histquotes2.HistQuotes2Request - Parsing CSV line: 2020-09-14,380.950012,420.000000,373.299988,419.619995,419.619995,83020600
22:52:35.702 [Test worker] INFO yahoofinance.histquotes2.HistQuotes2Request - Parsing CSV line: 2020-09-24,363.799988,399.500000,351.299988,387.790009,387.790009,96561100
22:52:35.702 [Test worker] INFO yahoofinance.histquotes2.HistQuotes2Request - Parsing CSV line: 2020-09-29,416.000000,428.500000,411.600006,419.070007,419.070007,50219300
22:52:35.702 [Test worker] INFO yahoofinance.histquotes2.HistQuotes2Request - Parsing CSV line: 2020-10-09,430.130005,434.589996,426.459991,434.000000,434.000000,28925700
22:52:35.703 [Test worker] INFO yahoofinance.histquotes2.HistQuotes2Request - Parsing CSV line: 2020-10-14,449.779999,465.899994,447.350006,461.299988,461.299988,47879700
22:52:35.703 [Test worker] INFO yahoofinance.histquotes2.HistQuotes2Request - Parsing CSV line: 2020-10-19,446.239990,447.000000,428.869995,430.829987,430.829987,36287800
22:52:35.703 [Test worker] INFO yahoofinance.histquotes2.HistQuotes2Request - Parsing CSV line: 2020-10-29,409.959991,418.059998,406.459991,410.829987,410.829987,22655300
22:52:35.704 [Test worker] INFO yahoofinance.histquotes2.HistQuotes2Request - Parsing CSV line: 2020-11-03,409.730011,427.769989,406.690002,423.899994,423.899994,34351700
22:52:35.704 [Test worker] INFO yahoofinance.histquotes2.HistQuotes2Request - Parsing CSV line: 2020-11-13,410.850006,412.529999,401.660004,408.500000,408.500000,19771100
22:52:35.704 [Test worker] INFO yahoofinance.histquotes2.HistQuotes2Request - Parsing CSV line: 2020-11-18,448.350006,496.000000,443.500000,486.640015,486.640015,78044000
22:52:35.704 [Test worker] INFO yahoofinance.histquotes2.HistQuotes2Request - Parsing CSV line: 2020-11-23,503.500000,526.000000,501.790009,521.849976,521.849976,50260300
22:52:35.705 [Test worker] INFO yahoofinance.histquotes2.HistQuotes2Request - Parsing CSV line: 2020-12-03,590.020020,598.969971,582.429993,593.380005,593.380005,42552000
22:52:35.705 [Test worker] INFO yahoofinance.histquotes2.HistQuotes2Request - Parsing CSV line: 2020-12-08,625.510010,651.280029,618.500000,649.880005,649.880005,64265000
22:52:35.706 [Test worker] INFO yahoofinance.histquotes2.HistQuotes2Request - Parsing CSV line: 2020-12-18,668.900024,695.000000,628.539978,695.000000,695.000000,222126200
22:52:35.706 [Test worker] INFO yahoofinance.histquotes2.HistQuotes2Request - Parsing CSV line: 2020-12-23,632.200012,651.500000,622.570007,645.979980,645.979980,33173000
22:52:35.706 [Test worker] INFO yahoofinance.histquotes2.HistQuotes2Request - Parsing CSV line: 2020-12-28,674.510010,681.400024,660.799988,663.690002,663.690002,32278600
22:52:35.707 [Test worker] INFO yahoofinance.histquotes2.HistQuotes2Request - Parsing CSV line: 2021-01-07,777.630005,816.989990,775.200012,816.039978,816.039978,51498900
22:52:35.708 [Test worker] INFO yahoofinance.histquotes2.HistQuotes2Request - Parsing CSV line: 2021-01-12,831.000000,868.000000,827.340027,849.440002,849.440002,46270700
22:52:35.708 [Test worker] INFO yahoofinance.histquotes2.HistQuotes2Request - Parsing CSV line: 2021-01-22,834.309998,848.000000,828.619995,846.640015,846.640015,20066500
22:52:35.708 [Test worker] INFO yahoofinance.histquotes2.HistQuotes2Request - Parsing CSV line: 2021-01-27,870.349976,891.500000,858.659973,864.159973,864.159973,27334000
22:52:35.708 [Test worker] INFO yahoofinance.histquotes2.HistQuotes2Request - Parsing CSV line: 2021-02-01,814.289978,842.000000,795.559998,839.809998,839.809998,25391400
22:52:35.709 [Test worker] INFO yahoofinance.histquotes2.HistQuotes2Request - Parsing CSV line: 2021-02-11,812.440002,829.880005,801.729980,811.659973,811.659973,21622800
22:52:35.709 [Test worker] INFO yahoofinance.histquotes2.HistQuotes2Request - Parsing CSV line: 2021-02-16,818.000000,821.000000,792.440002,796.219971,796.219971,19802300
22:52:35.709 [Test worker] INFO yahoofinance.histquotes2.HistQuotes2Request - Parsing CSV line: 2021-02-26,700.000000,706.700012,659.510010,675.500000,675.500000,41089200
22:52:35.719 [Test worker] INFO yahoofinance.histquotes2.HistQuotes2Request - Parsing CSV line: 2021-03-03,687.989990,700.700012,651.710022,653.200012,653.200012,30208000
22:52:35.720 [Test worker] INFO yahoofinance.histquotes2.HistQuotes2Request - Parsing CSV line: 2021-03-08,600.549988,620.130005,558.789978,563.000000,563.000000,51787000
22:52:35.722 [Test worker] INFO yahoofinance.histquotes2.HistQuotes2Request - Parsing CSV line: 2021-03-18,684.289978,689.229980,652.000000,653.159973,653.159973,33224800
22:52:35.723 [Test worker] INFO yahoofinance.histquotes2.HistQuotes2Request - Parsing CSV line: 2021-03-23,675.770020,677.799988,657.510010,662.159973,662.159973,30491900
22:52:35.724 [Test worker] INFO yahoofinance.histquotes2.HistQuotes2Request - Parsing CSV line: 2021-04-07,687.000000,691.380005,667.840027,670.969971,670.969971,26309400
22:52:35.739 [Test worker] INFO yahoofinance.histquotes2.HistQuotes2Request - Parsing CSV line: 2021-04-12,685.700012,704.799988,682.090027,701.979980,701.979980,29135700
22:52:35.742 [Test worker] INFO yahoofinance.histquotes2.HistQuotes2Request - Parsing CSV line: 2021-04-22,741.500000,753.770020,718.039978,719.690002,719.690002,35590300
22:52:35.744 [Test worker] INFO yahoofinance.histquotes2.HistQuotes2Request - Parsing CSV line: 2021-04-27,717.960022,724.000000,703.349976,704.739990,704.739990,29437000
22:52:35.744 [Test worker] INFO yahoofinance.histquotes2.HistQuotes2Request - Parsing CSV line: 2021-05-07,665.799988,690.000000,660.219971,672.369995,672.369995,23469200
22:52:35.747 [Test worker] INFO yahoofinance.histquotes2.HistQuotes2Request - Parsing CSV line: 2021-05-12,602.489990,620.409973,586.770020,589.890015,589.890015,33823600
22:52:35.749 [Test worker] INFO yahoofinance.histquotes2.HistQuotes2Request - Parsing CSV line: 2021-05-17,575.549988,589.729980,561.200012,576.830017,576.830017,32390400
22:52:35.751 [Test worker] INFO yahoofinance.histquotes2.HistQuotes2Request - Parsing CSV line: 2021-05-27,620.239990,631.130005,616.210022,630.849976,630.849976,26370600
22:52:35.751 [Test worker] INFO yahoofinance.histquotes2.HistQuotes2Request - Parsing CSV line: 2021-06-01,627.799988,633.799988,620.549988,623.900024,623.900024,18084900
22:52:35.752 [Test worker] INFO yahoofinance.histquotes2.HistQuotes2Request - Parsing CSV line: 2021-06-11,610.229980,612.559998,601.520020,609.890015,609.890015,16205300
22:52:35.752 [Test worker] INFO yahoofinance.histquotes2.HistQuotes2Request - Parsing CSV line: 2021-06-16,597.539978,608.500000,593.500000,604.869995,604.869995,22144100
22:52:35.752 [Test worker] INFO yahoofinance.histquotes2.HistQuotes2Request - Parsing CSV line: 2021-06-21,624.479980,631.390015,608.880005,620.830017,620.830017,24812700
22:52:35.754 [Test worker] INFO yahoofinance.histquotes2.HistQuotes2Request - Parsing CSV line: 2021-07-01,683.919983,687.989990,672.799988,677.919983,677.919983,18634500
22:52:35.755 [Test worker] INFO yahoofinance.histquotes2.HistQuotes2Request - Parsing CSV line: 2021-07-06,681.710022,684.000000,651.400024,659.580017,659.580017,23284500
22:52:35.755 [Test worker] INFO yahoofinance.histquotes2.HistQuotes2Request - Parsing CSV line: 2021-07-16,654.679993,656.700012,642.200012,644.219971,644.219971,16339800
22:52:35.755 [Test worker] INFO yahoofinance.histquotes2.HistQuotes2Request - Parsing CSV line: 2021-07-21,659.609985,664.859985,650.289978,655.289978,655.289978,13953300
22:52:35.755 [Test worker] INFO yahoofinance.histquotes2.HistQuotes2Request - Parsing CSV line: 2021-07-26,650.969971,668.200012,647.109985,657.619995,657.619995,25336600
22:52:35.756 [Test worker] INFO yahoofinance.histquotes2.HistQuotes2Request - Parsing CSV line: 2021-08-05,716.000000,720.949890,711.409973,714.630005,714.630005,12919637
]]></system-out>
  <system-err><![CDATA[]]></system-err>
</testsuite>
