<?xml version="1.0" encoding="UTF-8"?>
<testsuite name="edu.vanderbilt.cs.cyberbull.core.stock_history.MonthlyHistoryVisitorTest" tests="1" skipped="0" failures="0" errors="0" timestamp="2021-08-04T18:40:25" hostname="huntaj-imac.localdomain" time="0.587">
  <properties/>
  <testcase name="visit()" classname="edu.vanderbilt.cs.cyberbull.core.stock_history.MonthlyHistoryVisitorTest" time="0.587"/>
  <system-out><![CDATA[14:40:25.004 [Test worker] INFO yahoofinance.quotes.query1v7.QuotesRequest - Sending request: https://query1.finance.yahoo.com/v7/finance/quote?symbols=TSLA
14:40:25.025 [Test worker] DEBUG yahoofinance.Utils - unixToCalendar 1628102419
14:40:25.025 [Test worker] DEBUG yahoofinance.Utils - unixToCalendar 1627315620
14:40:25.402 [Test worker] DEBUG yahoofinance.histquotes2.CrumbManager - Set cookie from http request: B=dcoj035gglnop&b=3&s=c6
14:40:25.461 [Test worker] DEBUG yahoofinance.histquotes2.CrumbManager - Set crumb from http request: JJDOo5.POPL
14:40:25.461 [Test worker] INFO yahoofinance.histquotes2.HistQuotes2Request - Sending request: https://query1.finance.yahoo.com/v7/finance/download/TSLA?period1=1596556800&period2=1628092800&interval=1mo&crumb=JJDOo5.POPL
14:40:25.583 [Test worker] INFO yahoofinance.histquotes2.HistQuotes2Request - Parsing CSV line: 2020-09-01,502.140015,502.489990,329.880005,429.010010,429.010010,1736284800
14:40:25.584 [Test worker] INFO yahoofinance.histquotes2.HistQuotes2Request - Parsing CSV line: 2020-10-01,440.760010,465.899994,379.109985,388.040009,388.040009,833666400
14:40:25.585 [Test worker] INFO yahoofinance.histquotes2.HistQuotes2Request - Parsing CSV line: 2020-11-01,394.000000,607.799988,392.299988,567.599976,567.599976,782598800
14:40:25.586 [Test worker] INFO yahoofinance.histquotes2.HistQuotes2Request - Parsing CSV line: 2020-12-01,597.590027,718.719971,541.210022,705.669983,705.669983,1196346000
14:40:25.586 [Test worker] INFO yahoofinance.histquotes2.HistQuotes2Request - Parsing CSV line: 2021-01-01,719.460022,900.400024,717.190002,793.530029,793.530029,705694800
14:40:25.586 [Test worker] INFO yahoofinance.histquotes2.HistQuotes2Request - Parsing CSV line: 2021-02-01,814.289978,880.500000,619.000000,675.500000,675.500000,522857900
14:40:25.587 [Test worker] INFO yahoofinance.histquotes2.HistQuotes2Request - Parsing CSV line: 2021-03-01,690.109985,721.109985,539.489990,667.929993,667.929993,942452400
14:40:25.587 [Test worker] INFO yahoofinance.histquotes2.HistQuotes2Request - Parsing CSV line: 2021-04-01,688.369995,780.789978,659.419983,709.440002,709.440002,678539700
14:40:25.587 [Test worker] INFO yahoofinance.histquotes2.HistQuotes2Request - Parsing CSV line: 2021-05-01,703.799988,706.000000,546.979980,625.219971,625.219971,625175800
14:40:25.588 [Test worker] INFO yahoofinance.histquotes2.HistQuotes2Request - Parsing CSV line: 2021-06-01,627.799988,697.619995,571.219971,679.700012,679.700012,519921900
14:40:25.588 [Test worker] INFO yahoofinance.histquotes2.HistQuotes2Request - Parsing CSV line: 2021-07-01,683.919983,700.000000,620.460022,687.200012,687.200012,448340700
14:40:25.588 [Test worker] INFO yahoofinance.histquotes2.HistQuotes2Request - Parsing CSV line: 2021-08-01,700.000000,726.940002,698.400024,709.739990,709.739990,55166700
14:40:25.589 [Test worker] INFO yahoofinance.histquotes2.HistQuotes2Request - Parsing CSV line: 2021-08-04,711.000000,724.900024,708.929993,709.955017,709.955017,13806485
]]></system-out>
  <system-err><![CDATA[]]></system-err>
</testsuite>
