<?xml version="1.0" encoding="UTF-8"?>
<testsuite name="edu.vanderbilt.cs.cyberbull.core.StockTest" tests="7" skipped="0" failures="0" errors="0" timestamp="2021-08-04T19:18:12" hostname="huntaj-imac.localdomain" time="0.127">
  <properties/>
  <testcase name="getIndustry()" classname="edu.vanderbilt.cs.cyberbull.core.StockTest" time="0.0"/>
  <testcase name="getCurrentPrice()" classname="edu.vanderbilt.cs.cyberbull.core.StockTest" time="0.028"/>
  <testcase name="compareCurrentPrice()" classname="edu.vanderbilt.cs.cyberbull.core.StockTest" time="0.096"/>
  <testcase name="getSymbol()" classname="edu.vanderbilt.cs.cyberbull.core.StockTest" time="0.001"/>
  <testcase name="getBusinessName()" classname="edu.vanderbilt.cs.cyberbull.core.StockTest" time="0.001"/>
  <testcase name="setBusinessName()" classname="edu.vanderbilt.cs.cyberbull.core.StockTest" time="0.0"/>
  <testcase name="setIndustry()" classname="edu.vanderbilt.cs.cyberbull.core.StockTest" time="0.0"/>
  <system-out><![CDATA[15:18:12.327 [Test worker] INFO yahoofinance.quotes.query1v7.QuotesRequest - Sending request: https://query1.finance.yahoo.com/v7/finance/quote?symbols=TSLA
15:18:12.354 [Test worker] DEBUG yahoofinance.Utils - unixToCalendar 1628104690
15:18:12.354 [Test worker] DEBUG yahoofinance.Utils - unixToCalendar 1627315620
15:18:12.355 [Test worker] INFO yahoofinance.quotes.query1v7.QuotesRequest - Sending request: https://query1.finance.yahoo.com/v7/finance/quote?symbols=AAPL
15:18:12.424 [Test worker] DEBUG yahoofinance.Utils - unixToCalendar 1628104684
15:18:12.424 [Test worker] DEBUG yahoofinance.Utils - unixToCalendar 1627403400
15:18:12.424 [Test worker] DEBUG yahoofinance.Utils - unixToCalendar 1628726400
15:18:12.424 [Test worker] INFO yahoofinance.quotes.query1v7.QuotesRequest - Sending request: https://query1.finance.yahoo.com/v7/finance/quote?symbols=TSLA
15:18:12.450 [Test worker] DEBUG yahoofinance.Utils - unixToCalendar 1628104690
15:18:12.450 [Test worker] DEBUG yahoofinance.Utils - unixToCalendar 1627315620
]]></system-out>
  <system-err><![CDATA[]]></system-err>
</testsuite>
