<?xml version="1.0" encoding="UTF-8"?>
<testsuite name="edu.vanderbilt.cs.cyberbull.core.position.LongPositionFactoryTest" tests="1" skipped="0" failures="0" errors="0" timestamp="2021-08-02T01:06:30" hostname="huntaj-imac.localdomain" time="0.001">
  <properties/>
  <testcase name="createPosition()" classname="edu.vanderbilt.cs.cyberbull.core.position.LongPositionFactoryTest" time="0.001"/>
  <system-out><![CDATA[]]></system-out>
  <system-err><![CDATA[]]></system-err>
</testsuite>
