<?xml version="1.0" encoding="UTF-8"?>
<testsuite name="edu.vanderbilt.cs.cyberbull.core.PortfolioTest" tests="3" skipped="0" failures="0" errors="0" timestamp="2021-08-04T21:04:50" hostname="huntaj-imac.localdomain" time="0.192">
  <properties/>
  <testcase name="removePosition()" classname="edu.vanderbilt.cs.cyberbull.core.PortfolioTest" time="0.137"/>
  <testcase name="addPosition()" classname="edu.vanderbilt.cs.cyberbull.core.PortfolioTest" time="0.028"/>
  <testcase name="getPositions()" classname="edu.vanderbilt.cs.cyberbull.core.PortfolioTest" time="0.025"/>
  <system-out><![CDATA[17:04:50.169 [Test worker] INFO yahoofinance.quotes.query1v7.QuotesRequest - Sending request: https://query1.finance.yahoo.com/v7/finance/quote?symbols=TSLA
17:04:50.227 [Test worker] DEBUG yahoofinance.Utils - unixToCalendar 1628107202
17:04:50.227 [Test worker] DEBUG yahoofinance.Utils - unixToCalendar 1627315620
Position list size: 1
[Position: 10.0 shares of stock TSLA opened on 2021-08-04 at 17:04:50.168698 and last updated on 2021-08-04 at 17:04:50.168722]
Position: 10.0 shares of stock TSLA opened on 2021-08-04 at 17:04:50.168698 and last updated on 2021-08-04 at 17:04:50.168722
TSLA
17:04:50.240 [Test worker] INFO yahoofinance.quotes.query1v7.QuotesRequest - Sending request: https://query1.finance.yahoo.com/v7/finance/quote?symbols=TSLA
17:04:50.304 [Test worker] DEBUG yahoofinance.Utils - unixToCalendar 1628107202
17:04:50.304 [Test worker] DEBUG yahoofinance.Utils - unixToCalendar 1627315620
Position list size: 0
[]
17:04:50.306 [Test worker] INFO yahoofinance.quotes.query1v7.QuotesRequest - Sending request: https://query1.finance.yahoo.com/v7/finance/quote?symbols=TSLA
17:04:50.332 [Test worker] DEBUG yahoofinance.Utils - unixToCalendar 1628107202
17:04:50.333 [Test worker] DEBUG yahoofinance.Utils - unixToCalendar 1627315620
Position list size: 1
[Position: 10.0 shares of stock TSLA opened on 2021-08-04 at 17:04:50.305993 and last updated on 2021-08-04 at 17:04:50.306018]
Position: 10.0 shares of stock TSLA opened on 2021-08-04 at 17:04:50.305993 and last updated on 2021-08-04 at 17:04:50.306018
TSLA
17:04:50.335 [Test worker] INFO yahoofinance.quotes.query1v7.QuotesRequest - Sending request: https://query1.finance.yahoo.com/v7/finance/quote?symbols=TSLA
17:04:50.359 [Test worker] DEBUG yahoofinance.Utils - unixToCalendar 1628107202
17:04:50.359 [Test worker] DEBUG yahoofinance.Utils - unixToCalendar 1627315620
Position list size: 2
[Position: 10.0 shares of stock TSLA opened on 2021-08-04 at 17:04:50.305993 and last updated on 2021-08-04 at 17:04:50.306018, Position: 10.0 shares of stock TSLA opened on 2021-08-04 at 17:04:50.335167 and last updated on 2021-08-04 at 17:04:50.335189]
Position: 10.0 shares of stock TSLA opened on 2021-08-04 at 17:04:50.305993 and last updated on 2021-08-04 at 17:04:50.306018
Position: 10.0 shares of stock TSLA opened on 2021-08-04 at 17:04:50.335167 and last updated on 2021-08-04 at 17:04:50.335189
TSLA
TSLA
]]></system-out>
  <system-err><![CDATA[]]></system-err>
</testsuite>
