<?xml version="1.0" encoding="UTF-8"?>
<testsuite name="edu.vanderbilt.cs.cyberbull.core.account.commander.AccountActivityTest" tests="2" skipped="0" failures="0" errors="0" timestamp="2021-08-04T21:24:01" hostname="huntaj-imac.localdomain" time="0.002">
  <properties/>
  <testcase name="executeOperation()" classname="edu.vanderbilt.cs.cyberbull.core.account.commander.AccountActivityTest" time="0.001"/>
  <testcase name="getOperations()" classname="edu.vanderbilt.cs.cyberbull.core.account.commander.AccountActivityTest" time="0.001"/>
  <system-out><![CDATA[]]></system-out>
  <system-err><![CDATA[]]></system-err>
</testsuite>
