<?xml version="1.0" encoding="UTF-8"?>
<testsuite name="edu.vanderbilt.cs.cyberbull.CyberbullApplicationTests" tests="1" skipped="0" failures="0" errors="0" timestamp="2021-08-04T21:24:05" hostname="huntaj-imac.localdomain" time="0.381">
  <properties/>
  <testcase name="contextLoads()" classname="edu.vanderbilt.cs.cyberbull.CyberbullApplicationTests" time="0.381"/>
  <system-out><![CDATA[17:24:02.212 [Test worker] DEBUG org.springframework.test.context.BootstrapUtils - Instantiating CacheAwareContextLoaderDelegate from class [org.springframework.test.context.cache.DefaultCacheAwareContextLoaderDelegate]
17:24:02.220 [Test worker] DEBUG org.springframework.test.context.BootstrapUtils - Instantiating BootstrapContext using constructor [public org.springframework.test.context.support.DefaultBootstrapContext(java.lang.Class,org.springframework.test.context.CacheAwareContextLoaderDelegate)]
17:24:02.259 [Test worker] DEBUG org.springframework.test.context.BootstrapUtils - Instantiating TestContextBootstrapper for test class [edu.vanderbilt.cs.cyberbull.CyberbullApplicationTests] from class [org.springframework.boot.test.context.SpringBootTestContextBootstrapper]
17:24:02.270 [Test worker] INFO org.springframework.boot.test.context.SpringBootTestContextBootstrapper - Neither @ContextConfiguration nor @ContextHierarchy found for test class [edu.vanderbilt.cs.cyberbull.CyberbullApplicationTests], using SpringBootContextLoader
17:24:02.273 [Test worker] DEBUG org.springframework.test.context.support.AbstractContextLoader - Did not detect default resource location for test class [edu.vanderbilt.cs.cyberbull.CyberbullApplicationTests]: class path resource [edu/vanderbilt/cs/cyberbull/CyberbullApplicationTests-context.xml] does not exist
17:24:02.274 [Test worker] DEBUG org.springframework.test.context.support.AbstractContextLoader - Did not detect default resource location for test class [edu.vanderbilt.cs.cyberbull.CyberbullApplicationTests]: class path resource [edu/vanderbilt/cs/cyberbull/CyberbullApplicationTestsContext.groovy] does not exist
17:24:02.274 [Test worker] INFO org.springframework.test.context.support.AbstractContextLoader - Could not detect default resource locations for test class [edu.vanderbilt.cs.cyberbull.CyberbullApplicationTests]: no resource found for suffixes {-context.xml, Context.groovy}.
17:24:02.276 [Test worker] INFO org.springframework.test.context.support.AnnotationConfigContextLoaderUtils - Could not detect default configuration classes for test class [edu.vanderbilt.cs.cyberbull.CyberbullApplicationTests]: CyberbullApplicationTests does not declare any static, non-private, non-final, nested classes annotated with @Configuration.
17:24:02.339 [Test worker] DEBUG org.springframework.test.context.support.ActiveProfilesUtils - Could not find an 'annotation declaring class' for annotation type [org.springframework.test.context.ActiveProfiles] and class [edu.vanderbilt.cs.cyberbull.CyberbullApplicationTests]
17:24:02.406 [Test worker] DEBUG org.springframework.context.annotation.ClassPathScanningCandidateComponentProvider - Identified candidate component class: file [/Users/huntaj/dev/cyberbull/build/classes/java/main/edu/vanderbilt/cs/cyberbull/CyberbullApplication.class]
17:24:02.407 [Test worker] INFO org.springframework.boot.test.context.SpringBootTestContextBootstrapper - Found @SpringBootConfiguration edu.vanderbilt.cs.cyberbull.CyberbullApplication for test class edu.vanderbilt.cs.cyberbull.CyberbullApplicationTests
17:24:02.491 [Test worker] DEBUG org.springframework.boot.test.context.SpringBootTestContextBootstrapper - @TestExecutionListeners is not present for class [edu.vanderbilt.cs.cyberbull.CyberbullApplicationTests]: using defaults.
17:24:02.492 [Test worker] INFO org.springframework.boot.test.context.SpringBootTestContextBootstrapper - Loaded default TestExecutionListener class names from location [META-INF/spring.factories]: [org.springframework.boot.test.autoconfigure.restdocs.RestDocsTestExecutionListener, org.springframework.boot.test.autoconfigure.web.client.MockRestServiceServerResetTestExecutionListener, org.springframework.boot.test.autoconfigure.web.servlet.MockMvcPrintOnlyOnFailureTestExecutionListener, org.springframework.boot.test.autoconfigure.web.servlet.WebDriverTestExecutionListener, org.springframework.boot.test.autoconfigure.webservices.client.MockWebServiceServerTestExecutionListener, org.springframework.boot.test.mock.mockito.MockitoTestExecutionListener, org.springframework.boot.test.mock.mockito.ResetMocksTestExecutionListener, org.springframework.test.context.web.ServletTestExecutionListener, org.springframework.test.context.support.DirtiesContextBeforeModesTestExecutionListener, org.springframework.test.context.event.ApplicationEventsTestExecutionListener, org.springframework.test.context.support.DependencyInjectionTestExecutionListener, org.springframework.test.context.support.DirtiesContextTestExecutionListener, org.springframework.test.context.transaction.TransactionalTestExecutionListener, org.springframework.test.context.jdbc.SqlScriptsTestExecutionListener, org.springframework.test.context.event.EventPublishingTestExecutionListener]
17:24:02.507 [Test worker] INFO org.springframework.boot.test.context.SpringBootTestContextBootstrapper - Using TestExecutionListeners: [org.springframework.test.context.web.ServletTestExecutionListener@3e86e6dc, org.springframework.test.context.support.DirtiesContextBeforeModesTestExecutionListener@59e98db5, org.springframework.test.context.event.ApplicationEventsTestExecutionListener@1329a9ae, org.springframework.boot.test.mock.mockito.MockitoTestExecutionListener@56a99933, org.springframework.boot.test.autoconfigure.SpringBootDependencyInjectionTestExecutionListener@5f10253c, org.springframework.test.context.support.DirtiesContextTestExecutionListener@4a018f4e, org.springframework.test.context.transaction.TransactionalTestExecutionListener@143b2b79, org.springframework.test.context.jdbc.SqlScriptsTestExecutionListener@e4158cc, org.springframework.test.context.event.EventPublishingTestExecutionListener@50a6b5fd, org.springframework.boot.test.autoconfigure.restdocs.RestDocsTestExecutionListener@161b3b58, org.springframework.boot.test.autoconfigure.web.client.MockRestServiceServerResetTestExecutionListener@5b36aa01, org.springframework.boot.test.autoconfigure.web.servlet.MockMvcPrintOnlyOnFailureTestExecutionListener@5f350e93, org.springframework.boot.test.autoconfigure.web.servlet.WebDriverTestExecutionListener@3a5951d5, org.springframework.boot.test.autoconfigure.webservices.client.MockWebServiceServerTestExecutionListener@75d76c3d, org.springframework.boot.test.mock.mockito.ResetMocksTestExecutionListener@1bdfa624]
17:24:02.509 [Test worker] DEBUG org.springframework.test.context.support.AbstractDirtiesContextTestExecutionListener - Before test class: context [DefaultTestContext@682b098a testClass = CyberbullApplicationTests, testInstance = [null], testMethod = [null], testException = [null], mergedContextConfiguration = [WebMergedContextConfiguration@c44c25f testClass = CyberbullApplicationTests, locations = '{}', classes = '{class edu.vanderbilt.cs.cyberbull.CyberbullApplication}', contextInitializerClasses = '[]', activeProfiles = '{}', propertySourceLocations = '{}', propertySourceProperties = '{org.springframework.boot.test.context.SpringBootTestContextBootstrapper=true}', contextCustomizers = set[org.springframework.boot.test.autoconfigure.actuate.metrics.MetricsExportContextCustomizerFactory$DisableMetricExportContextCustomizer@75477d7f, org.springframework.boot.test.autoconfigure.properties.PropertyMappingContextCustomizer@0, org.springframework.boot.test.autoconfigure.web.servlet.WebDriverContextCustomizerFactory$Customizer@e05be49, org.springframework.boot.test.context.filter.ExcludeFilterContextCustomizer@6d08c7fc, org.springframework.boot.test.json.DuplicateJsonObjectContextCustomizerFactory$DuplicateJsonObjectContextCustomizer@132cf893, org.springframework.boot.test.mock.mockito.MockitoContextCustomizer@0, org.springframework.boot.test.web.client.TestRestTemplateContextCustomizer@40804c4c, org.springframework.boot.test.context.SpringBootTestArgs@1, org.springframework.boot.test.context.SpringBootTestWebEnvironment@7085c6f1], resourceBasePath = 'src/main/webapp', contextLoader = 'org.springframework.boot.test.context.SpringBootContextLoader', parent = [null]], attributes = map['org.springframework.test.context.web.ServletTestExecutionListener.activateListener' -> true]], class annotated with @DirtiesContext [false] with mode [null].
17:24:02.535 [Test worker] DEBUG org.springframework.test.context.support.TestPropertySourceUtils - Adding inlined properties to environment: {spring.jmx.enabled=false, org.springframework.boot.test.context.SpringBootTestContextBootstrapper=true}

  .   ____          _            __ _ _
 /\\ / ___'_ __ _ _(_)_ __  __ _ \ \ \ \
( ( )\___ | '_ | '_| | '_ \/ _` | \ \ \ \
 \\/  ___)| |_)| | | | | || (_| |  ) ) ) )
  '  |____| .__|_| |_|_| |_\__, | / / / /
 =========|_|==============|___/=/_/_/_/
 :: Spring Boot ::                (v2.5.3)

2021-08-04 17:24:02.830  WARN 18138 --- [    Test worker] ory$DuplicateJsonObjectContextCustomizer : 

Found multiple occurrences of org.json.JSONObject on the class path:

	jar:file:/Users/huntaj/.gradle/caches/modules-2/files-2.1/org.json/json/20210307/528c8df3757e8bcf151817b1d7b9b434f6aa08d5/json-20210307.jar!/org/json/JSONObject.class
	jar:file:/Users/huntaj/.gradle/caches/modules-2/files-2.1/com.vaadin.external.google/android-json/0.0.20131108.vaadin1/fa26d351fe62a6a17f5cda1287c1c6110dec413f/android-json-0.0.20131108.vaadin1.jar!/org/json/JSONObject.class

You may wish to exclude one of them to ensure predictable runtime behavior

2021-08-04 17:24:02.845  INFO 18138 --- [    Test worker] e.v.c.c.CyberbullApplicationTests        : Starting CyberbullApplicationTests using Java 16.0.2 on huntaj-imac.localdomain with PID 18138 (started by huntaj in /Users/huntaj/dev/cyberbull)
2021-08-04 17:24:02.848  INFO 18138 --- [    Test worker] e.v.c.c.CyberbullApplicationTests        : No active profile set, falling back to default profiles: default
2021-08-04 17:24:03.427  INFO 18138 --- [    Test worker] .s.d.r.c.RepositoryConfigurationDelegate : Bootstrapping Spring Data JPA repositories in DEFAULT mode.
2021-08-04 17:24:03.452  INFO 18138 --- [    Test worker] .s.d.r.c.RepositoryConfigurationDelegate : Finished Spring Data repository scanning in 18 ms. Found 0 JPA repository interfaces.
2021-08-04 17:24:04.392  INFO 18138 --- [    Test worker] o.s.b.a.w.s.WelcomePageHandlerMapping    : Adding welcome page template: index
2021-08-04 17:24:04.612  INFO 18138 --- [    Test worker] o.s.j.d.e.EmbeddedDatabaseFactory        : Starting embedded database: url='jdbc:h2:mem:ebd51ec4-f1d1-43e9-9e59-3502555ebcfb;DB_CLOSE_DELAY=-1;DB_CLOSE_ON_EXIT=false', username='sa'
2021-08-04 17:24:04.993  INFO 18138 --- [    Test worker] e.v.c.c.CyberbullApplicationTests        : Started CyberbullApplicationTests in 2.452 seconds (JVM running for 6.411)
]]></system-out>
  <system-err><![CDATA[]]></system-err>
</testsuite>
