<?xml version="1.0" encoding="UTF-8"?>
<testsuite name="edu.vanderbilt.cs.cyberbull.core.account.BrokerageAccountTest" tests="17" skipped="0" failures="0" errors="0" timestamp="2021-08-04T21:04:50" hostname="huntaj-imac.localdomain" time="0.033">
  <properties/>
  <testcase name="getAccountNumber()" classname="edu.vanderbilt.cs.cyberbull.core.account.BrokerageAccountTest" time="0.001"/>
  <testcase name="updateBalance()" classname="edu.vanderbilt.cs.cyberbull.core.account.BrokerageAccountTest" time="0.003"/>
  <testcase name="setPortfolio()" classname="edu.vanderbilt.cs.cyberbull.core.account.BrokerageAccountTest" time="0.0"/>
  <testcase name="addStockToWatchList()" classname="edu.vanderbilt.cs.cyberbull.core.account.BrokerageAccountTest" time="0.002"/>
  <testcase name="setRoutingNumber()" classname="edu.vanderbilt.cs.cyberbull.core.account.BrokerageAccountTest" time="0.001"/>
  <testcase name="addWatchList()" classname="edu.vanderbilt.cs.cyberbull.core.account.BrokerageAccountTest" time="0.001"/>
  <testcase name="addWatchlist()" classname="edu.vanderbilt.cs.cyberbull.core.account.BrokerageAccountTest" time="0.001"/>
  <testcase name="getWatchlists()" classname="edu.vanderbilt.cs.cyberbull.core.account.BrokerageAccountTest" time="0.0"/>
  <testcase name="removeStockFromWatchlist()" classname="edu.vanderbilt.cs.cyberbull.core.account.BrokerageAccountTest" time="0.001"/>
  <testcase name="setDescription()" classname="edu.vanderbilt.cs.cyberbull.core.account.BrokerageAccountTest" time="0.001"/>
  <testcase name="setAccountNumber()" classname="edu.vanderbilt.cs.cyberbull.core.account.BrokerageAccountTest" time="0.001"/>
  <testcase name="getBalance()" classname="edu.vanderbilt.cs.cyberbull.core.account.BrokerageAccountTest" time="0.003"/>
  <testcase name="getPortfolio()" classname="edu.vanderbilt.cs.cyberbull.core.account.BrokerageAccountTest" time="0.001"/>
  <testcase name="getRoutingNumber()" classname="edu.vanderbilt.cs.cyberbull.core.account.BrokerageAccountTest" time="0.001"/>
  <testcase name="setTitle()" classname="edu.vanderbilt.cs.cyberbull.core.account.BrokerageAccountTest" time="0.001"/>
  <testcase name="getDescription()" classname="edu.vanderbilt.cs.cyberbull.core.account.BrokerageAccountTest" time="0.001"/>
  <testcase name="getTitle()" classname="edu.vanderbilt.cs.cyberbull.core.account.BrokerageAccountTest" time="0.001"/>
  <system-out><![CDATA[Position list size: 0
[]
Position list size: 0
[]
Position list size: 0
[]
Position list size: 0
[]
Position list size: 0
[]
]]></system-out>
  <system-err><![CDATA[]]></system-err>
</testsuite>
