<?xml version="1.0" encoding="UTF-8"?>
<testsuite name="edu.vanderbilt.cs.cyberbull.core.account.commander.ActivityCommanderTest" tests="2" skipped="0" failures="0" errors="0" timestamp="2021-08-02T01:48:12" hostname="huntaj-imac.localdomain" time="0.071">
  <properties/>
  <testcase name="executeOperation()" classname="edu.vanderbilt.cs.cyberbull.core.account.commander.ActivityCommanderTest" time="0.007"/>
  <testcase name="getOperations()" classname="edu.vanderbilt.cs.cyberbull.core.account.commander.ActivityCommanderTest" time="0.064"/>
  <system-out><![CDATA[21:48:12.556 [Test worker] INFO yahoofinance.quotes.query1v7.QuotesRequest - Sending request: https://query1.finance.yahoo.com/v7/finance/quote?symbols=TSLA
21:48:12.591 [Test worker] DEBUG yahoofinance.Utils - unixToCalendar 1627675203
21:48:12.591 [Test worker] DEBUG yahoofinance.Utils - unixToCalendar 1627315620
21:48:12.592 [Test worker] INFO yahoofinance.quotes.query1v7.QuotesRequest - Sending request: https://query1.finance.yahoo.com/v7/finance/quote?symbols=TSLA
21:48:12.619 [Test worker] DEBUG yahoofinance.Utils - unixToCalendar 1627675203
21:48:12.619 [Test worker] DEBUG yahoofinance.Utils - unixToCalendar 1627315620
]]></system-out>
  <system-err><![CDATA[]]></system-err>
</testsuite>
