<?xml version="1.0" encoding="UTF-8"?>
<testsuite name="edu.vanderbilt.cs.cyberbull.core.watchlist.commander.WatchListAddOperationTest" tests="1" skipped="0" failures="0" errors="0" timestamp="2021-08-06T22:04:41" hostname="huntaj-imac.localdomain" time="0.0">
  <properties/>
  <testcase name="execute()" classname="edu.vanderbilt.cs.cyberbull.core.watchlist.commander.WatchListAddOperationTest" time="0.0"/>
  <system-out><![CDATA[]]></system-out>
  <system-err><![CDATA[]]></system-err>
</testsuite>
