<?xml version="1.0" encoding="UTF-8"?>
<testsuite name="edu.vanderbilt.cs.cyberbull.core.position.PositionFactoryImplTest" tests="1" skipped="0" failures="0" errors="0" timestamp="2021-08-06T22:04:40" hostname="huntaj-imac.localdomain" time="0.004">
  <properties/>
  <testcase name="createPosition()" classname="edu.vanderbilt.cs.cyberbull.core.position.PositionFactoryImplTest" time="0.004"/>
  <system-out><![CDATA[]]></system-out>
  <system-err><![CDATA[]]></system-err>
</testsuite>
