<?xml version="1.0" encoding="UTF-8"?>
<testsuite name="edu.vanderbilt.cs.cyberbull.CyberbullApplicationTests" tests="1" skipped="0" failures="0" errors="0" timestamp="2021-08-04T06:06:36" hostname="huntaj-imac.localdomain" time="0.407">
  <properties/>
  <testcase name="contextLoads()" classname="edu.vanderbilt.cs.cyberbull.CyberbullApplicationTests" time="0.407"/>
  <system-out><![CDATA[02:06:32.520 [Test worker] DEBUG org.springframework.test.context.BootstrapUtils - Instantiating CacheAwareContextLoaderDelegate from class [org.springframework.test.context.cache.DefaultCacheAwareContextLoaderDelegate]
02:06:32.534 [Test worker] DEBUG org.springframework.test.context.BootstrapUtils - Instantiating BootstrapContext using constructor [public org.springframework.test.context.support.DefaultBootstrapContext(java.lang.Class,org.springframework.test.context.CacheAwareContextLoaderDelegate)]
02:06:32.606 [Test worker] DEBUG org.springframework.test.context.BootstrapUtils - Instantiating TestContextBootstrapper for test class [edu.vanderbilt.cs.cyberbull.CyberbullApplicationTests] from class [org.springframework.boot.test.context.SpringBootTestContextBootstrapper]
02:06:32.630 [Test worker] INFO org.springframework.boot.test.context.SpringBootTestContextBootstrapper - Neither @ContextConfiguration nor @ContextHierarchy found for test class [edu.vanderbilt.cs.cyberbull.CyberbullApplicationTests], using SpringBootContextLoader
02:06:32.641 [Test worker] DEBUG org.springframework.test.context.support.AbstractContextLoader - Did not detect default resource location for test class [edu.vanderbilt.cs.cyberbull.CyberbullApplicationTests]: class path resource [edu/vanderbilt/cs/cyberbull/CyberbullApplicationTests-context.xml] does not exist
02:06:32.642 [Test worker] DEBUG org.springframework.test.context.support.AbstractContextLoader - Did not detect default resource location for test class [edu.vanderbilt.cs.cyberbull.CyberbullApplicationTests]: class path resource [edu/vanderbilt/cs/cyberbull/CyberbullApplicationTestsContext.groovy] does not exist
02:06:32.643 [Test worker] INFO org.springframework.test.context.support.AbstractContextLoader - Could not detect default resource locations for test class [edu.vanderbilt.cs.cyberbull.CyberbullApplicationTests]: no resource found for suffixes {-context.xml, Context.groovy}.
02:06:32.643 [Test worker] INFO org.springframework.test.context.support.AnnotationConfigContextLoaderUtils - Could not detect default configuration classes for test class [edu.vanderbilt.cs.cyberbull.CyberbullApplicationTests]: CyberbullApplicationTests does not declare any static, non-private, non-final, nested classes annotated with @Configuration.
02:06:32.740 [Test worker] DEBUG org.springframework.test.context.support.ActiveProfilesUtils - Could not find an 'annotation declaring class' for annotation type [org.springframework.test.context.ActiveProfiles] and class [edu.vanderbilt.cs.cyberbull.CyberbullApplicationTests]
02:06:32.829 [Test worker] DEBUG org.springframework.context.annotation.ClassPathScanningCandidateComponentProvider - Identified candidate component class: file [/Users/huntaj/dev/cyberbull/build/classes/java/main/edu/vanderbilt/cs/cyberbull/CyberbullApplication.class]
02:06:32.831 [Test worker] INFO org.springframework.boot.test.context.SpringBootTestContextBootstrapper - Found @SpringBootConfiguration edu.vanderbilt.cs.cyberbull.CyberbullApplication for test class edu.vanderbilt.cs.cyberbull.CyberbullApplicationTests
02:06:33.064 [Test worker] DEBUG org.springframework.boot.test.context.SpringBootTestContextBootstrapper - @TestExecutionListeners is not present for class [edu.vanderbilt.cs.cyberbull.CyberbullApplicationTests]: using defaults.
02:06:33.066 [Test worker] INFO org.springframework.boot.test.context.SpringBootTestContextBootstrapper - Loaded default TestExecutionListener class names from location [META-INF/spring.factories]: [org.springframework.boot.test.autoconfigure.restdocs.RestDocsTestExecutionListener, org.springframework.boot.test.autoconfigure.web.client.MockRestServiceServerResetTestExecutionListener, org.springframework.boot.test.autoconfigure.web.servlet.MockMvcPrintOnlyOnFailureTestExecutionListener, org.springframework.boot.test.autoconfigure.web.servlet.WebDriverTestExecutionListener, org.springframework.boot.test.autoconfigure.webservices.client.MockWebServiceServerTestExecutionListener, org.springframework.boot.test.mock.mockito.MockitoTestExecutionListener, org.springframework.boot.test.mock.mockito.ResetMocksTestExecutionListener, org.springframework.test.context.web.ServletTestExecutionListener, org.springframework.test.context.support.DirtiesContextBeforeModesTestExecutionListener, org.springframework.test.context.event.ApplicationEventsTestExecutionListener, org.springframework.test.context.support.DependencyInjectionTestExecutionListener, org.springframework.test.context.support.DirtiesContextTestExecutionListener, org.springframework.test.context.transaction.TransactionalTestExecutionListener, org.springframework.test.context.jdbc.SqlScriptsTestExecutionListener, org.springframework.test.context.event.EventPublishingTestExecutionListener]
02:06:33.083 [Test worker] INFO org.springframework.boot.test.context.SpringBootTestContextBootstrapper - Using TestExecutionListeners: [org.springframework.test.context.web.ServletTestExecutionListener@137e303e, org.springframework.test.context.support.DirtiesContextBeforeModesTestExecutionListener@3446de39, org.springframework.test.context.event.ApplicationEventsTestExecutionListener@3ed19563, org.springframework.boot.test.mock.mockito.MockitoTestExecutionListener@4842a5d6, org.springframework.boot.test.autoconfigure.SpringBootDependencyInjectionTestExecutionListener@2adf8320, org.springframework.test.context.support.DirtiesContextTestExecutionListener@286a3754, org.springframework.test.context.transaction.TransactionalTestExecutionListener@1a22d5b7, org.springframework.test.context.jdbc.SqlScriptsTestExecutionListener@4793bf30, org.springframework.test.context.event.EventPublishingTestExecutionListener@1103f261, org.springframework.boot.test.autoconfigure.restdocs.RestDocsTestExecutionListener@682ab782, org.springframework.boot.test.autoconfigure.web.client.MockRestServiceServerResetTestExecutionListener@6429485d, org.springframework.boot.test.autoconfigure.web.servlet.MockMvcPrintOnlyOnFailureTestExecutionListener@3e9911d7, org.springframework.boot.test.autoconfigure.web.servlet.WebDriverTestExecutionListener@30076c9f, org.springframework.boot.test.autoconfigure.webservices.client.MockWebServiceServerTestExecutionListener@d2c4bba, org.springframework.boot.test.mock.mockito.ResetMocksTestExecutionListener@236981e2]
02:06:33.089 [Test worker] DEBUG org.springframework.test.context.support.AbstractDirtiesContextTestExecutionListener - Before test class: context [DefaultTestContext@68b4754 testClass = CyberbullApplicationTests, testInstance = [null], testMethod = [null], testException = [null], mergedContextConfiguration = [WebMergedContextConfiguration@5dfb67d0 testClass = CyberbullApplicationTests, locations = '{}', classes = '{class edu.vanderbilt.cs.cyberbull.CyberbullApplication}', contextInitializerClasses = '[]', activeProfiles = '{}', propertySourceLocations = '{}', propertySourceProperties = '{org.springframework.boot.test.context.SpringBootTestContextBootstrapper=true}', contextCustomizers = set[org.springframework.boot.test.autoconfigure.actuate.metrics.MetricsExportContextCustomizerFactory$DisableMetricExportContextCustomizer@576eb420, org.springframework.boot.test.autoconfigure.properties.PropertyMappingContextCustomizer@0, org.springframework.boot.test.autoconfigure.web.servlet.WebDriverContextCustomizerFactory$Customizer@28f11c8, org.springframework.boot.test.context.filter.ExcludeFilterContextCustomizer@4bac7ed, org.springframework.boot.test.json.DuplicateJsonObjectContextCustomizerFactory$DuplicateJsonObjectContextCustomizer@54170602, org.springframework.boot.test.mock.mockito.MockitoContextCustomizer@0, org.springframework.boot.test.web.client.TestRestTemplateContextCustomizer@4c4d1064, org.springframework.boot.test.context.SpringBootTestArgs@1, org.springframework.boot.test.context.SpringBootTestWebEnvironment@44e90f3a], resourceBasePath = 'src/main/webapp', contextLoader = 'org.springframework.boot.test.context.SpringBootContextLoader', parent = [null]], attributes = map['org.springframework.test.context.web.ServletTestExecutionListener.activateListener' -> true]], class annotated with @DirtiesContext [false] with mode [null].
02:06:33.135 [Test worker] DEBUG org.springframework.test.context.support.TestPropertySourceUtils - Adding inlined properties to environment: {spring.jmx.enabled=false, org.springframework.boot.test.context.SpringBootTestContextBootstrapper=true}

  .   ____          _            __ _ _
 /\\ / ___'_ __ _ _(_)_ __  __ _ \ \ \ \
( ( )\___ | '_ | '_| | '_ \/ _` | \ \ \ \
 \\/  ___)| |_)| | | | | || (_| |  ) ) ) )
  '  |____| .__|_| |_|_| |_\__, | / / / /
 =========|_|==============|___/=/_/_/_/
 :: Spring Boot ::                (v2.5.3)

2021-08-04 02:06:33.502  WARN 64788 --- [    Test worker] ory$DuplicateJsonObjectContextCustomizer : 

Found multiple occurrences of org.json.JSONObject on the class path:

	jar:file:/Users/huntaj/.gradle/caches/modules-2/files-2.1/org.json/json/20210307/528c8df3757e8bcf151817b1d7b9b434f6aa08d5/json-20210307.jar!/org/json/JSONObject.class
	jar:file:/Users/huntaj/.gradle/caches/modules-2/files-2.1/com.vaadin.external.google/android-json/0.0.20131108.vaadin1/fa26d351fe62a6a17f5cda1287c1c6110dec413f/android-json-0.0.20131108.vaadin1.jar!/org/json/JSONObject.class

You may wish to exclude one of them to ensure predictable runtime behavior

2021-08-04 02:06:33.525  INFO 64788 --- [    Test worker] e.v.c.c.CyberbullApplicationTests        : Starting CyberbullApplicationTests using Java 16.0.2 on huntaj-imac.localdomain with PID 64788 (started by huntaj in /Users/huntaj/dev/cyberbull)
2021-08-04 02:06:33.527  INFO 64788 --- [    Test worker] e.v.c.c.CyberbullApplicationTests        : No active profile set, falling back to default profiles: default
2021-08-04 02:06:34.400  INFO 64788 --- [    Test worker] .s.d.r.c.RepositoryConfigurationDelegate : Bootstrapping Spring Data JPA repositories in DEFAULT mode.
2021-08-04 02:06:34.432  INFO 64788 --- [    Test worker] .s.d.r.c.RepositoryConfigurationDelegate : Finished Spring Data repository scanning in 23 ms. Found 0 JPA repository interfaces.
2021-08-04 02:06:35.618  INFO 64788 --- [    Test worker] o.s.b.a.w.s.WelcomePageHandlerMapping    : Adding welcome page template: index
2021-08-04 02:06:35.856  INFO 64788 --- [    Test worker] o.s.j.d.e.EmbeddedDatabaseFactory        : Starting embedded database: url='jdbc:h2:mem:7536d1d6-cba2-4d0b-b0fd-644a8ffe13b4;DB_CLOSE_DELAY=-1;DB_CLOSE_ON_EXIT=false', username='sa'
2021-08-04 02:06:36.258  INFO 64788 --- [    Test worker] e.v.c.c.CyberbullApplicationTests        : Started CyberbullApplicationTests in 3.115 seconds (JVM running for 4.773)
]]></system-out>
  <system-err><![CDATA[]]></system-err>
</testsuite>
