<?xml version="1.0" encoding="UTF-8"?>
<testsuite name="edu.vanderbilt.cs.cyberbull.core.watchlist.WatchListTest" tests="12" skipped="0" failures="0" errors="0" timestamp="2021-08-02T01:48:12" hostname="huntaj-imac.localdomain" time="0.814">
  <properties/>
  <testcase name="getHighestPriceStock()" classname="edu.vanderbilt.cs.cyberbull.core.watchlist.WatchListTest" time="0.34"/>
  <testcase name="getTotalValue()" classname="edu.vanderbilt.cs.cyberbull.core.watchlist.WatchListTest" time="0.239"/>
  <testcase name="remove()" classname="edu.vanderbilt.cs.cyberbull.core.watchlist.WatchListTest" time="0.001"/>
  <testcase name="contains()" classname="edu.vanderbilt.cs.cyberbull.core.watchlist.WatchListTest" time="0.0"/>
  <testcase name="getLowestPriceStock()" classname="edu.vanderbilt.cs.cyberbull.core.watchlist.WatchListTest" time="0.227"/>
  <testcase name="add()" classname="edu.vanderbilt.cs.cyberbull.core.watchlist.WatchListTest" time="0.001"/>
  <testcase name="getId()" classname="edu.vanderbilt.cs.cyberbull.core.watchlist.WatchListTest" time="0.0"/>
  <testcase name="setId()" classname="edu.vanderbilt.cs.cyberbull.core.watchlist.WatchListTest" time="0.0"/>
  <testcase name="setStocks()" classname="edu.vanderbilt.cs.cyberbull.core.watchlist.WatchListTest" time="0.0"/>
  <testcase name="getStocks()" classname="edu.vanderbilt.cs.cyberbull.core.watchlist.WatchListTest" time="0.0"/>
  <testcase name="setTitle()" classname="edu.vanderbilt.cs.cyberbull.core.watchlist.WatchListTest" time="0.001"/>
  <testcase name="getTitle()" classname="edu.vanderbilt.cs.cyberbull.core.watchlist.WatchListTest" time="0.002"/>
  <system-out><![CDATA[21:48:12.826 [Test worker] INFO yahoofinance.quotes.query1v7.QuotesRequest - Sending request: https://query1.finance.yahoo.com/v7/finance/quote?symbols=TSLA
21:48:12.852 [Test worker] DEBUG yahoofinance.Utils - unixToCalendar 1627675203
21:48:12.853 [Test worker] DEBUG yahoofinance.Utils - unixToCalendar 1627315620
21:48:12.853 [Test worker] INFO yahoofinance.quotes.query1v7.QuotesRequest - Sending request: https://query1.finance.yahoo.com/v7/finance/quote?symbols=AAPL
21:48:12.880 [Test worker] DEBUG yahoofinance.Utils - unixToCalendar 1627675202
21:48:12.881 [Test worker] DEBUG yahoofinance.Utils - unixToCalendar 1627403400
21:48:12.882 [Test worker] DEBUG yahoofinance.Utils - unixToCalendar 1628726400
21:48:12.883 [Test worker] INFO yahoofinance.quotes.query1v7.QuotesRequest - Sending request: https://query1.finance.yahoo.com/v7/finance/quote?symbols=AMZN
21:48:12.947 [Test worker] DEBUG yahoofinance.Utils - unixToCalendar 1627675202
21:48:12.947 [Test worker] DEBUG yahoofinance.Utils - unixToCalendar 1627574460
21:48:12.948 [Test worker] INFO yahoofinance.quotes.query1v7.QuotesRequest - Sending request: https://query1.finance.yahoo.com/v7/finance/quote?symbols=TSLA
21:48:12.976 [Test worker] DEBUG yahoofinance.Utils - unixToCalendar 1627675203
21:48:12.977 [Test worker] DEBUG yahoofinance.Utils - unixToCalendar 1627315620
21:48:12.979 [Test worker] INFO yahoofinance.quotes.query1v7.QuotesRequest - Sending request: https://query1.finance.yahoo.com/v7/finance/quote?symbols=AAPL
21:48:13.008 [Test worker] DEBUG yahoofinance.Utils - unixToCalendar 1627675202
21:48:13.009 [Test worker] DEBUG yahoofinance.Utils - unixToCalendar 1627403400
21:48:13.009 [Test worker] DEBUG yahoofinance.Utils - unixToCalendar 1628726400
21:48:13.009 [Test worker] INFO yahoofinance.quotes.query1v7.QuotesRequest - Sending request: https://query1.finance.yahoo.com/v7/finance/quote?symbols=TSLA
21:48:13.073 [Test worker] DEBUG yahoofinance.Utils - unixToCalendar 1627675203
21:48:13.073 [Test worker] DEBUG yahoofinance.Utils - unixToCalendar 1627315620
21:48:13.073 [Test worker] INFO yahoofinance.quotes.query1v7.QuotesRequest - Sending request: https://query1.finance.yahoo.com/v7/finance/quote?symbols=TSLA
21:48:13.136 [Test worker] DEBUG yahoofinance.Utils - unixToCalendar 1627675203
21:48:13.136 [Test worker] DEBUG yahoofinance.Utils - unixToCalendar 1627315620
21:48:13.136 [Test worker] INFO yahoofinance.quotes.query1v7.QuotesRequest - Sending request: https://query1.finance.yahoo.com/v7/finance/quote?symbols=AMZN
21:48:13.164 [Test worker] DEBUG yahoofinance.Utils - unixToCalendar 1627675202
21:48:13.164 [Test worker] DEBUG yahoofinance.Utils - unixToCalendar 1627574460
21:48:13.165 [Test worker] INFO yahoofinance.quotes.query1v7.QuotesRequest - Sending request: https://query1.finance.yahoo.com/v7/finance/quote?symbols=AAPL
21:48:13.223 [Test worker] DEBUG yahoofinance.Utils - unixToCalendar 1627675202
21:48:13.224 [Test worker] DEBUG yahoofinance.Utils - unixToCalendar 1627403400
21:48:13.224 [Test worker] DEBUG yahoofinance.Utils - unixToCalendar 1628726400
21:48:13.225 [Test worker] INFO yahoofinance.quotes.query1v7.QuotesRequest - Sending request: https://query1.finance.yahoo.com/v7/finance/quote?symbols=TSLA
21:48:13.251 [Test worker] DEBUG yahoofinance.Utils - unixToCalendar 1627675203
21:48:13.251 [Test worker] DEBUG yahoofinance.Utils - unixToCalendar 1627315620
21:48:13.251 [Test worker] INFO yahoofinance.quotes.query1v7.QuotesRequest - Sending request: https://query1.finance.yahoo.com/v7/finance/quote?symbols=AMZN
21:48:13.279 [Test worker] DEBUG yahoofinance.Utils - unixToCalendar 1627675202
21:48:13.280 [Test worker] DEBUG yahoofinance.Utils - unixToCalendar 1627574460
21:48:13.283 [Test worker] INFO yahoofinance.quotes.query1v7.QuotesRequest - Sending request: https://query1.finance.yahoo.com/v7/finance/quote?symbols=AAPL
21:48:13.346 [Test worker] DEBUG yahoofinance.Utils - unixToCalendar 1627675202
21:48:13.346 [Test worker] DEBUG yahoofinance.Utils - unixToCalendar 1627403400
21:48:13.346 [Test worker] DEBUG yahoofinance.Utils - unixToCalendar 1628726400
21:48:13.346 [Test worker] INFO yahoofinance.quotes.query1v7.QuotesRequest - Sending request: https://query1.finance.yahoo.com/v7/finance/quote?symbols=TSLA
21:48:13.376 [Test worker] DEBUG yahoofinance.Utils - unixToCalendar 1627675203
21:48:13.376 [Test worker] DEBUG yahoofinance.Utils - unixToCalendar 1627315620
21:48:13.376 [Test worker] INFO yahoofinance.quotes.query1v7.QuotesRequest - Sending request: https://query1.finance.yahoo.com/v7/finance/quote?symbols=AMZN
21:48:13.404 [Test worker] DEBUG yahoofinance.Utils - unixToCalendar 1627675202
21:48:13.404 [Test worker] DEBUG yahoofinance.Utils - unixToCalendar 1627574460
21:48:13.406 [Test worker] INFO yahoofinance.quotes.query1v7.QuotesRequest - Sending request: https://query1.finance.yahoo.com/v7/finance/quote?symbols=TSLA
21:48:13.429 [Test worker] DEBUG yahoofinance.Utils - unixToCalendar 1627675203
21:48:13.430 [Test worker] DEBUG yahoofinance.Utils - unixToCalendar 1627315620
21:48:13.430 [Test worker] INFO yahoofinance.quotes.query1v7.QuotesRequest - Sending request: https://query1.finance.yahoo.com/v7/finance/quote?symbols=AAPL
21:48:13.455 [Test worker] DEBUG yahoofinance.Utils - unixToCalendar 1627675202
21:48:13.455 [Test worker] DEBUG yahoofinance.Utils - unixToCalendar 1627403400
21:48:13.455 [Test worker] DEBUG yahoofinance.Utils - unixToCalendar 1628726400
21:48:13.455 [Test worker] INFO yahoofinance.quotes.query1v7.QuotesRequest - Sending request: https://query1.finance.yahoo.com/v7/finance/quote?symbols=AMZN
21:48:13.483 [Test worker] DEBUG yahoofinance.Utils - unixToCalendar 1627675202
21:48:13.484 [Test worker] DEBUG yahoofinance.Utils - unixToCalendar 1627574460
21:48:13.484 [Test worker] INFO yahoofinance.quotes.query1v7.QuotesRequest - Sending request: https://query1.finance.yahoo.com/v7/finance/quote?symbols=AAPL
21:48:13.515 [Test worker] DEBUG yahoofinance.Utils - unixToCalendar 1627675202
21:48:13.515 [Test worker] DEBUG yahoofinance.Utils - unixToCalendar 1627403400
21:48:13.515 [Test worker] DEBUG yahoofinance.Utils - unixToCalendar 1628726400
21:48:13.516 [Test worker] INFO yahoofinance.quotes.query1v7.QuotesRequest - Sending request: https://query1.finance.yahoo.com/v7/finance/quote?symbols=AAPL
21:48:13.544 [Test worker] DEBUG yahoofinance.Utils - unixToCalendar 1627675202
21:48:13.544 [Test worker] DEBUG yahoofinance.Utils - unixToCalendar 1627403400
21:48:13.544 [Test worker] DEBUG yahoofinance.Utils - unixToCalendar 1628726400
21:48:13.544 [Test worker] INFO yahoofinance.quotes.query1v7.QuotesRequest - Sending request: https://query1.finance.yahoo.com/v7/finance/quote?symbols=TSLA
21:48:13.572 [Test worker] DEBUG yahoofinance.Utils - unixToCalendar 1627675203
21:48:13.572 [Test worker] DEBUG yahoofinance.Utils - unixToCalendar 1627315620
21:48:13.572 [Test worker] INFO yahoofinance.quotes.query1v7.QuotesRequest - Sending request: https://query1.finance.yahoo.com/v7/finance/quote?symbols=AAPL
21:48:13.601 [Test worker] DEBUG yahoofinance.Utils - unixToCalendar 1627675202
21:48:13.601 [Test worker] DEBUG yahoofinance.Utils - unixToCalendar 1627403400
21:48:13.601 [Test worker] DEBUG yahoofinance.Utils - unixToCalendar 1628726400
21:48:13.601 [Test worker] INFO yahoofinance.quotes.query1v7.QuotesRequest - Sending request: https://query1.finance.yahoo.com/v7/finance/quote?symbols=AMZN
21:48:13.632 [Test worker] DEBUG yahoofinance.Utils - unixToCalendar 1627675202
21:48:13.632 [Test worker] DEBUG yahoofinance.Utils - unixToCalendar 1627574460
]]></system-out>
  <system-err><![CDATA[]]></system-err>
</testsuite>
